[35m[1mScanning dependencies of target geometry_msgs_generate_messages_eus[0m
[  0%] Built target geometry_msgs_generate_messages_eus
[35m[1mScanning dependencies of target visualization_msgs_generate_messages_py[0m
[  0%] Built target visualization_msgs_generate_messages_py
[35m[1mScanning dependencies of target visualization_msgs_generate_messages_nodejs[0m
[  0%] Built target visualization_msgs_generate_messages_nodejs
[35m[1mScanning dependencies of target visualization_msgs_generate_messages_cpp[0m
[  0%] Built target visualization_msgs_generate_messages_cpp
[35m[1mScanning dependencies of target geometry_msgs_generate_messages_py[0m
[  0%] Built target geometry_msgs_generate_messages_py
[35m[1mScanning dependencies of target visualization_msgs_generate_messages_eus[0m
[  0%] Built target visualization_msgs_generate_messages_eus
[35m[1mScanning dependencies of target geometry_msgs_generate_messages_cpp[0m
[  0%] Built target geometry_msgs_generate_messages_cpp
[35m[1mScanning dependencies of target visualization_msgs_generate_messages_lisp[0m
[  0%] Built target visualization_msgs_generate_messages_lisp
[35m[1mScanning dependencies of target geometry_msgs_generate_messages_nodejs[0m
[  0%] Built target geometry_msgs_generate_messages_nodejs
[35m[1mScanning dependencies of target roscpp_generate_messages_cpp[0m
[  0%] Built target roscpp_generate_messages_cpp
[35m[1mScanning dependencies of target definitions_generate_messages_py[0m
[  0%] Built target definitions_generate_messages_py
[35m[1mScanning dependencies of target definitions_generate_messages_lisp[0m
[  0%] Built target definitions_generate_messages_lisp
[35m[1mScanning dependencies of target definitions_generate_messages_nodejs[0m
[  0%] Built target definitions_generate_messages_nodejs
[35m[1mScanning dependencies of target roscpp_generate_messages_eus[0m
[  0%] Built target roscpp_generate_messages_eus
[35m[1mScanning dependencies of target definitions_generate_messages_cpp[0m
[  0%] Built target definitions_generate_messages_cpp
[35m[1mScanning dependencies of target rosgraph_msgs_generate_messages_py[0m
[  0%] Built target rosgraph_msgs_generate_messages_py
[35m[1mScanning dependencies of target definitions_generate_messages_eus[0m
[  0%] Built target definitions_generate_messages_eus
[35m[1mScanning dependencies of target std_msgs_generate_messages_lisp[0m
[  0%] Built target std_msgs_generate_messages_lisp
[35m[1mScanning dependencies of target roscpp_generate_messages_lisp[0m
[  0%] Built target roscpp_generate_messages_lisp
[35m[1mScanning dependencies of target roscpp_generate_messages_nodejs[0m
[  0%] Built target roscpp_generate_messages_nodejs
[35m[1mScanning dependencies of target rosgraph_msgs_generate_messages_cpp[0m
[  0%] Built target rosgraph_msgs_generate_messages_cpp
[35m[1mScanning dependencies of target std_msgs_generate_messages_eus[0m
[  0%] Built target std_msgs_generate_messages_eus
[35m[1mScanning dependencies of target geometry_msgs_generate_messages_lisp[0m
[  0%] Built target geometry_msgs_generate_messages_lisp
[35m[1mScanning dependencies of target roscpp_generate_messages_py[0m
[  0%] Built target roscpp_generate_messages_py
[35m[1mScanning dependencies of target rosgraph_msgs_generate_messages_eus[0m
[  0%] Built target rosgraph_msgs_generate_messages_eus
[35m[1mScanning dependencies of target rosgraph_msgs_generate_messages_lisp[0m
[  0%] Built target rosgraph_msgs_generate_messages_lisp
[35m[1mScanning dependencies of target rosgraph_msgs_generate_messages_nodejs[0m
[  0%] Built target rosgraph_msgs_generate_messages_nodejs
[35m[1mScanning dependencies of target std_msgs_generate_messages_cpp[0m
[  0%] Built target std_msgs_generate_messages_cpp
[35m[1mScanning dependencies of target std_msgs_generate_messages_py[0m
[  0%] Built target std_msgs_generate_messages_py
[35m[1mScanning dependencies of target std_msgs_generate_messages_nodejs[0m
[  0%] Built target std_msgs_generate_messages_nodejs
[35m[1mScanning dependencies of target object_fusion[0m
[  5%] [32mBuilding CXX object CMakeFiles/object_fusion.dir/src/ikaFusLib.cpp.o[0m
[ 10%] [32mBuilding CXX object CMakeFiles/object_fusion.dir/src/data/Data.cpp.o[0m
[ 15%] [32mBuilding CXX object CMakeFiles/object_fusion.dir/src/data/Params.cpp.o[0m
[ 20%] [32mBuilding CXX object CMakeFiles/object_fusion.dir/src/modules/AbstractFusionModule.cpp.o[0m
[ 25%] [32mBuilding CXX object CMakeFiles/object_fusion.dir/src/modules/fuser/ClassificationFuser.cpp.o[0m
[ 30%] [32mBuilding CXX object CMakeFiles/object_fusion.dir/src/modules/fuser/ExistenceFuser.cpp.o[0m
[ 35%] [32mBuilding CXX object CMakeFiles/object_fusion.dir/src/modules/fuser/HeadingAngleFuser.cpp.o[0m
[ 40%] [32mBuilding CXX object CMakeFiles/object_fusion.dir/src/modules/fuser/StateFuser.cpp.o[0m
[ 45%] [32mBuilding CXX object CMakeFiles/object_fusion.dir/src/modules/manager/ObjectRemover.cpp.o[0m
[ 50%] [32mBuilding CXX object CMakeFiles/object_fusion.dir/src/modules/manager/ObjectCreator.cpp.o[0m
[ 55%] [32mBuilding CXX object CMakeFiles/object_fusion.dir/src/modules/manager/MeasurementHistorian.cpp.o[0m
[ 60%] [32mBuilding CXX object CMakeFiles/object_fusion.dir/src/modules/matcher/Matcher.cpp.o[0m
[ 65%] [32mBuilding CXX object CMakeFiles/object_fusion.dir/src/modules/matcher/algorithms/Auction.cpp.o[0m
[ 70%] [32mBuilding CXX object CMakeFiles/object_fusion.dir/src/modules/matcher/distance_measures/Mahalanobis.cpp.o[0m
[ 75%] [32mBuilding CXX object CMakeFiles/object_fusion.dir/src/modules/matcher/distance_measures/IntersectionOverUnion.cpp.o[0m
[ 80%] [32mBuilding CXX object CMakeFiles/object_fusion.dir/src/modules/predictor/EgoMotionCompensation.cpp.o[0m
[ 85%] [32mBuilding CXX object CMakeFiles/object_fusion.dir/src/modules/predictor/StatePredictor.cpp.o[0m
[ 90%] [32mBuilding CXX object CMakeFiles/object_fusion.dir/src/modules/predictor/ExistencePredictor.cpp.o[0m
[ 95%] [32mBuilding CXX object CMakeFiles/object_fusion.dir/src/utility/FusionUtility.cpp.o[0m
[100%] [32m[1mLinking CXX shared library /home/rosuser/ws/catkin_workspace/devel/.private/object_fusion/lib/libobject_fusion.so[0m
[100%] Built target object_fusion
