[35m[1mScanning dependencies of target _definitions_generate_messages_check_deps_v2x_CAM_special_container[0m
[35m[1mScanning dependencies of target _definitions_generate_messages_check_deps_v2x_SPAT_IntersectionState[0m
[35m[1mScanning dependencies of target _definitions_generate_messages_check_deps_v2x_SPAT_ConnectionManeuverAssist[0m
[35m[1mScanning dependencies of target _definitions_generate_messages_check_deps_v2x_SPAT_MovementEvent[0m
[  0%] Built target _definitions_generate_messages_check_deps_v2x_CAM_special_container
[  0%] Built target _definitions_generate_messages_check_deps_v2x_SPAT_IntersectionState
[  0%] Built target _definitions_generate_messages_check_deps_v2x_SPAT_ConnectionManeuverAssist
[35m[1mScanning dependencies of target _definitions_generate_messages_check_deps_v2x_MAP_Lane[0m
[35m[1mScanning dependencies of target _definitions_generate_messages_check_deps_v2x_CAM_low_freq_container[0m
[  0%] Built target _definitions_generate_messages_check_deps_v2x_SPAT_MovementEvent
[35m[1mScanning dependencies of target _definitions_generate_messages_check_deps_IkaObjectList[0m
[35m[1mScanning dependencies of target _definitions_generate_messages_check_deps_v2x_SPAT_MovementState[0m
[35m[1mScanning dependencies of target std_msgs_generate_messages_py[0m
[  0%] Built target std_msgs_generate_messages_py
[35m[1mScanning dependencies of target _definitions_generate_messages_check_deps_v2x_SPAT_LaneID[0m
[  0%] Built target _definitions_generate_messages_check_deps_v2x_SPAT_MovementState
[  0%] Built target _definitions_generate_messages_check_deps_v2x_MAP_Lane
[  0%] Built target _definitions_generate_messages_check_deps_v2x_CAM_low_freq_container
[35m[1mScanning dependencies of target _definitions_generate_messages_check_deps_IkaDetection[0m
[  0%] Built target _definitions_generate_messages_check_deps_IkaObjectList
[35m[1mScanning dependencies of target _definitions_generate_messages_check_deps_v2x_SPAT_AdvisorySpeed[0m
[35m[1mScanning dependencies of target _definitions_generate_messages_check_deps_v2x_MAP[0m
[  0%] Built target _definitions_generate_messages_check_deps_v2x_SPAT_LaneID
[35m[1mScanning dependencies of target _definitions_generate_messages_check_deps_IkaDetectionList[0m
[35m[1mScanning dependencies of target geometry_msgs_generate_messages_py[0m
[35m[1mScanning dependencies of target _definitions_generate_messages_check_deps_v2x_SPAT[0m
[  0%] Built target geometry_msgs_generate_messages_py
[35m[1mScanning dependencies of target _definitions_generate_messages_check_deps_v2x_SPAT_VehicleToLanePosition[0m
[35m[1mScanning dependencies of target _definitions_generate_messages_check_deps_v2x_CAM_high_freq_container[0m
[  0%] Built target _definitions_generate_messages_check_deps_v2x_SPAT_AdvisorySpeed
[  0%] Built target _definitions_generate_messages_check_deps_v2x_MAP
[35m[1mScanning dependencies of target _definitions_generate_messages_check_deps_v2x_MAP_Intersection[0m
[  0%] Built target _definitions_generate_messages_check_deps_IkaDetection
[  0%] Built target _definitions_generate_messages_check_deps_IkaDetectionList
[35m[1mScanning dependencies of target _definitions_generate_messages_check_deps_v2x_CAM[0m
[35m[1mScanning dependencies of target _definitions_generate_messages_check_deps_IkaSensorStamp[0m
[35m[1mScanning dependencies of target _definitions_generate_messages_check_deps_v2x_MAP_Connection[0m
[35m[1mScanning dependencies of target _definitions_generate_messages_check_deps_IkaEgoMotion[0m
[35m[1mScanning dependencies of target _definitions_generate_messages_check_deps_v2x_CAM_basic_container[0m
[  0%] Built target _definitions_generate_messages_check_deps_v2x_SPAT
[  0%] Built target _definitions_generate_messages_check_deps_v2x_SPAT_VehicleToLanePosition
[35m[1mScanning dependencies of target visualization_msgs_generate_messages_py[0m
[  0%] Built target _definitions_generate_messages_check_deps_v2x_CAM_high_freq_container
[35m[1mScanning dependencies of target _definitions_generate_messages_check_deps_ASN_bitstring[0m
[  0%] Built target _definitions_generate_messages_check_deps_v2x_MAP_Intersection
[35m[1mScanning dependencies of target _definitions_generate_messages_check_deps_IkaObject[0m
[  0%] Built target visualization_msgs_generate_messages_py
[35m[1mScanning dependencies of target _definitions_generate_messages_check_deps_FlatlandVehicleState[0m
[  0%] Built target _definitions_generate_messages_check_deps_v2x_CAM
[  0%] Built target _definitions_generate_messages_check_deps_IkaSensorStamp
[35m[1mScanning dependencies of target _definitions_generate_messages_check_deps_v2x_SPAT_PrioritizationResponse[0m
[35m[1mScanning dependencies of target _definitions_generate_messages_check_deps_IkaGPS[0m
[  0%] Built target _definitions_generate_messages_check_deps_v2x_MAP_Connection
[  0%] Built target _definitions_generate_messages_check_deps_v2x_CAM_basic_container
[35m[1mScanning dependencies of target _definitions_generate_messages_check_deps_v2x_CAM_pathPoint[0m
[35m[1mScanning dependencies of target _definitions_generate_messages_check_deps_v2x_CAM_protectedCommunicationZone[0m
[  0%] Built target _definitions_generate_messages_check_deps_IkaEgoMotion
[35m[1mScanning dependencies of target visualization_msgs_generate_messages_nodejs[0m
[35m[1mScanning dependencies of target _definitions_generate_messages_check_deps_IkaTpTrajectoryInterface[0m
[  0%] Built target visualization_msgs_generate_messages_nodejs
[  0%] Built target _definitions_generate_messages_check_deps_FlatlandVehicleState
[35m[1mScanning dependencies of target geometry_msgs_generate_messages_nodejs[0m
[35m[1mScanning dependencies of target geometry_msgs_generate_messages_cpp[0m
[  0%] Built target _definitions_generate_messages_check_deps_IkaObject
[35m[1mScanning dependencies of target std_msgs_generate_messages_nodejs[0m
[  0%] Built target _definitions_generate_messages_check_deps_ASN_bitstring
[  0%] Built target geometry_msgs_generate_messages_cpp
[  0%] Built target geometry_msgs_generate_messages_nodejs
[  0%] Built target _definitions_generate_messages_check_deps_v2x_SPAT_PrioritizationResponse
[35m[1mScanning dependencies of target std_msgs_generate_messages_cpp[0m
[35m[1mScanning dependencies of target visualization_msgs_generate_messages_cpp[0m
[  0%] Built target std_msgs_generate_messages_nodejs
[35m[1mScanning dependencies of target visualization_msgs_generate_messages_eus[0m
[  0%] Built target _definitions_generate_messages_check_deps_IkaGPS
[35m[1mScanning dependencies of target std_msgs_generate_messages_eus[0m
[35m[1mScanning dependencies of target geometry_msgs_generate_messages_eus[0m
[  0%] Built target _definitions_generate_messages_check_deps_v2x_CAM_protectedCommunicationZone
[  0%] Built target std_msgs_generate_messages_cpp
[  0%] Built target visualization_msgs_generate_messages_cpp
[35m[1mScanning dependencies of target visualization_msgs_generate_messages_lisp[0m
[  0%] Built target std_msgs_generate_messages_eus
[  0%] Built target visualization_msgs_generate_messages_eus
[35m[1mScanning dependencies of target std_msgs_generate_messages_lisp[0m
[  0%] Built target _definitions_generate_messages_check_deps_v2x_CAM_pathPoint
[  0%] Built target geometry_msgs_generate_messages_eus
[35m[1mScanning dependencies of target geometry_msgs_generate_messages_lisp[0m
[  0%] Built target visualization_msgs_generate_messages_lisp
[  0%] Built target std_msgs_generate_messages_lisp
[  0%] Built target _definitions_generate_messages_check_deps_IkaTpTrajectoryInterface
[  0%] Built target geometry_msgs_generate_messages_lisp
[35m[1mScanning dependencies of target definitions_generate_messages_nodejs[0m
[35m[1mScanning dependencies of target definitions_generate_messages_py[0m
[35m[1mScanning dependencies of target definitions_generate_messages_lisp[0m
[35m[1mScanning dependencies of target definitions_generate_messages_cpp[0m
[35m[1mScanning dependencies of target definitions_generate_messages_eus[0m
[  2%] [34m[1mGenerating Python from MSG definitions/ASN_bitstring[0m
[  2%] [34m[1mGenerating Python from MSG definitions/FlatlandVehicleState[0m
[  2%] [34m[1mGenerating Python from MSG definitions/IkaDetectionList[0m
[  5%] [34m[1mGenerating Javascript code from definitions/ASN_bitstring.msg[0m
[  5%] [34m[1mGenerating Python from MSG definitions/IkaDetection[0m
[  5%] [34m[1mGenerating Javascript code from definitions/FlatlandVehicleState.msg[0m
[  5%] [34m[1mGenerating Javascript code from definitions/IkaDetection.msg[0m
[  5%] [34m[1mGenerating Lisp code from definitions/ASN_bitstring.msg[0m
[  5%] [34m[1mGenerating C++ code from definitions/ASN_bitstring.msg[0m
[  6%] [34m[1mGenerating EusLisp code from definitions/ASN_bitstring.msg[0m
[  7%] [34m[1mGenerating Lisp code from definitions/FlatlandVehicleState.msg[0m
[  8%] [34m[1mGenerating Lisp code from definitions/IkaDetection.msg[0m
[  9%] [34m[1mGenerating C++ code from definitions/FlatlandVehicleState.msg[0m
[  9%] [34m[1mGenerating C++ code from definitions/IkaDetection.msg[0m
[ 10%] [34m[1mGenerating Javascript code from definitions/IkaDetectionList.msg[0m
[ 11%] [34m[1mGenerating Javascript code from definitions/IkaEgoMotion.msg[0m
[ 12%] [34m[1mGenerating EusLisp code from definitions/FlatlandVehicleState.msg[0m
[ 12%] [34m[1mGenerating Javascript code from definitions/IkaGPS.msg[0m
[ 12%] [34m[1mGenerating Lisp code from definitions/IkaDetectionList.msg[0m
[ 13%] [34m[1mGenerating C++ code from definitions/IkaDetectionList.msg[0m
[ 14%] [34m[1mGenerating C++ code from definitions/IkaEgoMotion.msg[0m
[ 14%] [34m[1mGenerating Python from MSG definitions/IkaEgoMotion[0m
[ 16%] [34m[1mGenerating Python from MSG definitions/IkaObject[0m
[ 16%] [34m[1mGenerating Python from MSG definitions/IkaGPS[0m
[ 16%] [34m[1mGenerating Python from MSG definitions/IkaObjectList[0m
[ 17%] [34m[1mGenerating Lisp code from definitions/IkaEgoMotion.msg[0m
[ 18%] [34m[1mGenerating Javascript code from definitions/IkaObject.msg[0m
[ 18%] [34m[1mGenerating EusLisp code from definitions/IkaDetection.msg[0m
[ 18%] [34m[1mGenerating C++ code from definitions/IkaGPS.msg[0m
[ 20%] [34m[1mGenerating C++ code from definitions/IkaObject.msg[0m
[ 20%] [34m[1mGenerating Lisp code from definitions/IkaGPS.msg[0m
[ 20%] [34m[1mGenerating Javascript code from definitions/IkaObjectList.msg[0m
[ 21%] [34m[1mGenerating EusLisp code from definitions/IkaDetectionList.msg[0m
[ 22%] [34m[1mGenerating C++ code from definitions/IkaObjectList.msg[0m
[ 23%] [34m[1mGenerating Javascript code from definitions/IkaSensorStamp.msg[0m
[ 24%] [34m[1mGenerating Lisp code from definitions/IkaObject.msg[0m
[ 24%] [34m[1mGenerating C++ code from definitions/IkaSensorStamp.msg[0m
[ 25%] [34m[1mGenerating Python from MSG definitions/IkaSensorStamp[0m
[ 25%] [34m[1mGenerating Python from MSG definitions/IkaTpTrajectoryInterface[0m
[ 26%] [34m[1mGenerating Python from MSG definitions/v2x_CAM[0m
[ 27%] [34m[1mGenerating Python from MSG definitions/v2x_CAM_basic_container[0m
[ 28%] [34m[1mGenerating Javascript code from definitions/IkaTpTrajectoryInterface.msg[0m
[ 29%] [34m[1mGenerating Lisp code from definitions/IkaObjectList.msg[0m
[ 30%] [34m[1mGenerating C++ code from definitions/v2x_CAM.msg[0m
[ 30%] [34m[1mGenerating C++ code from definitions/IkaTpTrajectoryInterface.msg[0m
[ 30%] [34m[1mGenerating EusLisp code from definitions/IkaEgoMotion.msg[0m
[ 30%] [34m[1mGenerating Javascript code from definitions/v2x_CAM.msg[0m
[ 30%] [34m[1mGenerating Lisp code from definitions/IkaSensorStamp.msg[0m
[ 31%] [34m[1mGenerating C++ code from definitions/v2x_CAM_basic_container.msg[0m
[ 32%] [34m[1mGenerating C++ code from definitions/v2x_CAM_high_freq_container.msg[0m
[ 33%] [34m[1mGenerating Python from MSG definitions/v2x_CAM_high_freq_container[0m
[ 33%] [34m[1mGenerating Lisp code from definitions/IkaTpTrajectoryInterface.msg[0m
[ 35%] [34m[1mGenerating Python from MSG definitions/v2x_CAM_low_freq_container[0m
[ 35%] [34m[1mGenerating Python from MSG definitions/v2x_CAM_pathPoint[0m
[ 36%] [34m[1mGenerating Javascript code from definitions/v2x_CAM_basic_container.msg[0m
[ 37%] [34m[1mGenerating EusLisp code from definitions/IkaGPS.msg[0m
[ 37%] [34m[1mGenerating Python from MSG definitions/v2x_CAM_protectedCommunicationZone[0m
[ 38%] [34m[1mGenerating C++ code from definitions/v2x_CAM_low_freq_container.msg[0m
[ 38%] [34m[1mGenerating C++ code from definitions/v2x_CAM_pathPoint.msg[0m
[ 40%] [34m[1mGenerating Lisp code from definitions/v2x_CAM.msg[0m
[ 41%] [34m[1mGenerating Javascript code from definitions/v2x_CAM_high_freq_container.msg[0m
[ 42%] [34m[1mGenerating EusLisp code from definitions/IkaObject.msg[0m
[ 42%] [34m[1mGenerating Lisp code from definitions/v2x_CAM_basic_container.msg[0m
[ 43%] [34m[1mGenerating C++ code from definitions/v2x_CAM_protectedCommunicationZone.msg[0m
[ 43%] [34m[1mGenerating Javascript code from definitions/v2x_CAM_low_freq_container.msg[0m
[ 43%] [34m[1mGenerating C++ code from definitions/v2x_CAM_special_container.msg[0m
[ 44%] [34m[1mGenerating Python from MSG definitions/v2x_CAM_special_container[0m
[ 44%] [34m[1mGenerating Python from MSG definitions/v2x_MAP[0m
[ 45%] [34m[1mGenerating Python from MSG definitions/v2x_MAP_Connection[0m
[ 46%] [34m[1mGenerating Python from MSG definitions/v2x_MAP_Intersection[0m
[ 47%] [34m[1mGenerating C++ code from definitions/v2x_MAP.msg[0m
[ 48%] [34m[1mGenerating Lisp code from definitions/v2x_CAM_high_freq_container.msg[0m
[ 48%] [34m[1mGenerating C++ code from definitions/v2x_MAP_Connection.msg[0m
[ 49%] [34m[1mGenerating Javascript code from definitions/v2x_CAM_pathPoint.msg[0m
[ 49%] [34m[1mGenerating EusLisp code from definitions/IkaObjectList.msg[0m
[ 49%] [34m[1mGenerating Lisp code from definitions/v2x_CAM_low_freq_container.msg[0m
[ 49%] [34m[1mGenerating Javascript code from definitions/v2x_CAM_protectedCommunicationZone.msg[0m
[ 49%] [34m[1mGenerating Python from MSG definitions/v2x_MAP_Lane[0m
[ 50%] [34m[1mGenerating Lisp code from definitions/v2x_CAM_pathPoint.msg[0m
[ 51%] [34m[1mGenerating Lisp code from definitions/v2x_CAM_protectedCommunicationZone.msg[0m
[ 52%] [34m[1mGenerating EusLisp code from definitions/IkaSensorStamp.msg[0m
[ 53%] [34m[1mGenerating Javascript code from definitions/v2x_CAM_special_container.msg[0m
[ 54%] [34m[1mGenerating Python from MSG definitions/v2x_SPAT[0m
[ 55%] [34m[1mGenerating C++ code from definitions/v2x_MAP_Intersection.msg[0m
[ 55%] [34m[1mGenerating Python from MSG definitions/v2x_SPAT_ConnectionManeuverAssist[0m
[ 56%] [34m[1mGenerating Python from MSG definitions/v2x_SPAT_AdvisorySpeed[0m
[ 57%] [34m[1mGenerating Python from MSG definitions/v2x_SPAT_IntersectionState[0m
[ 57%] [34m[1mGenerating Lisp code from definitions/v2x_CAM_special_container.msg[0m
[ 57%] [34m[1mGenerating Python from MSG definitions/v2x_SPAT_LaneID[0m
[ 58%] [34m[1mGenerating Python from MSG definitions/v2x_SPAT_MovementEvent[0m
[ 60%] [34m[1mGenerating Lisp code from definitions/v2x_MAP.msg[0m
[ 61%] [34m[1mGenerating Javascript code from definitions/v2x_MAP.msg[0m
[ 62%] [34m[1mGenerating Python from MSG definitions/v2x_SPAT_MovementState[0m
[ 63%] [34m[1mGenerating EusLisp code from definitions/IkaTpTrajectoryInterface.msg[0m
[ 64%] [34m[1mGenerating Lisp code from definitions/v2x_MAP_Connection.msg[0m
[ 64%] [34m[1mGenerating Javascript code from definitions/v2x_MAP_Connection.msg[0m
[ 65%] [34m[1mGenerating C++ code from definitions/v2x_MAP_Lane.msg[0m
[ 65%] [34m[1mGenerating C++ code from definitions/v2x_SPAT.msg[0m
[ 65%] [34m[1mGenerating Python from MSG definitions/v2x_SPAT_PrioritizationResponse[0m
[ 65%] [34m[1mGenerating Lisp code from definitions/v2x_MAP_Intersection.msg[0m
[ 66%] [34m[1mGenerating Python from MSG definitions/v2x_SPAT_VehicleToLanePosition[0m
[ 66%] [34m[1mGenerating EusLisp code from definitions/v2x_CAM.msg[0m
[ 67%] [34m[1mGenerating Lisp code from definitions/v2x_MAP_Lane.msg[0m
[ 68%] [34m[1mGenerating Javascript code from definitions/v2x_MAP_Intersection.msg[0m
[ 69%] [34m[1mGenerating EusLisp code from definitions/v2x_CAM_basic_container.msg[0m
[ 69%] [34m[1mGenerating EusLisp code from definitions/v2x_CAM_high_freq_container.msg[0m
[ 70%] [34m[1mGenerating EusLisp code from definitions/v2x_CAM_low_freq_container.msg[0m
[ 71%] [34m[1mGenerating Javascript code from definitions/v2x_MAP_Lane.msg[0m
[ 71%] [34m[1mGenerating Lisp code from definitions/v2x_SPAT.msg[0m
[ 71%] [34m[1mGenerating Javascript code from definitions/v2x_SPAT.msg[0m
[ 72%] [34m[1mGenerating Lisp code from definitions/v2x_SPAT_AdvisorySpeed.msg[0m
[ 73%] [34m[1mGenerating EusLisp code from definitions/v2x_CAM_pathPoint.msg[0m
[ 74%] [34m[1mGenerating C++ code from definitions/v2x_SPAT_AdvisorySpeed.msg[0m
[ 75%] [34m[1mGenerating EusLisp code from definitions/v2x_CAM_protectedCommunicationZone.msg[0m
[ 75%] [34m[1mGenerating EusLisp code from definitions/v2x_CAM_special_container.msg[0m
[ 76%] [34m[1mGenerating EusLisp code from definitions/v2x_MAP.msg[0m
[ 77%] [34m[1mGenerating Lisp code from definitions/v2x_SPAT_ConnectionManeuverAssist.msg[0m
[ 78%] [34m[1mGenerating Javascript code from definitions/v2x_SPAT_AdvisorySpeed.msg[0m
[ 78%] [34m[1mGenerating Lisp code from definitions/v2x_SPAT_IntersectionState.msg[0m
[ 80%] [34m[1mGenerating Javascript code from definitions/v2x_SPAT_ConnectionManeuverAssist.msg[0m
[ 80%] [34m[1mGenerating C++ code from definitions/v2x_SPAT_ConnectionManeuverAssist.msg[0m
[ 82%] [34m[1mGenerating Javascript code from definitions/v2x_SPAT_IntersectionState.msg[0m
[ 82%] [34m[1mGenerating Python msg __init__.py for definitions[0m
[ 83%] [34m[1mGenerating Lisp code from definitions/v2x_SPAT_LaneID.msg[0m
[ 84%] [34m[1mGenerating Javascript code from definitions/v2x_SPAT_LaneID.msg[0m
[ 84%] [34m[1mGenerating EusLisp code from definitions/v2x_MAP_Connection.msg[0m
[ 85%] [34m[1mGenerating Lisp code from definitions/v2x_SPAT_MovementEvent.msg[0m
[ 86%] [34m[1mGenerating EusLisp code from definitions/v2x_MAP_Intersection.msg[0m
[ 86%] [34m[1mGenerating EusLisp code from definitions/v2x_MAP_Lane.msg[0m
[ 87%] [34m[1mGenerating EusLisp code from definitions/v2x_SPAT.msg[0m
[ 87%] [34m[1mGenerating Javascript code from definitions/v2x_SPAT_MovementEvent.msg[0m
[ 88%] [34m[1mGenerating EusLisp code from definitions/v2x_SPAT_AdvisorySpeed.msg[0m
[ 88%] [34m[1mGenerating C++ code from definitions/v2x_SPAT_IntersectionState.msg[0m
[ 88%] [34m[1mGenerating Lisp code from definitions/v2x_SPAT_MovementState.msg[0m
[ 89%] [34m[1mGenerating Javascript code from definitions/v2x_SPAT_MovementState.msg[0m
[ 90%] [34m[1mGenerating Lisp code from definitions/v2x_SPAT_PrioritizationResponse.msg[0m
[ 91%] [34m[1mGenerating C++ code from definitions/v2x_SPAT_LaneID.msg[0m
[ 92%] [34m[1mGenerating Javascript code from definitions/v2x_SPAT_PrioritizationResponse.msg[0m
[ 92%] [34m[1mGenerating EusLisp code from definitions/v2x_SPAT_ConnectionManeuverAssist.msg[0m
[ 93%] [34m[1mGenerating EusLisp code from definitions/v2x_SPAT_IntersectionState.msg[0m
[ 94%] [34m[1mGenerating Lisp code from definitions/v2x_SPAT_VehicleToLanePosition.msg[0m
[ 94%] [34m[1mGenerating EusLisp code from definitions/v2x_SPAT_LaneID.msg[0m
[ 94%] [34m[1mGenerating EusLisp code from definitions/v2x_SPAT_MovementEvent.msg[0m
[ 95%] [34m[1mGenerating EusLisp code from definitions/v2x_SPAT_MovementState.msg[0m
[ 95%] Built target definitions_generate_messages_py
[ 95%] [34m[1mGenerating EusLisp code from definitions/v2x_SPAT_PrioritizationResponse.msg[0m
[ 95%] [34m[1mGenerating Javascript code from definitions/v2x_SPAT_VehicleToLanePosition.msg[0m
[ 96%] [34m[1mGenerating C++ code from definitions/v2x_SPAT_MovementEvent.msg[0m
[ 96%] [34m[1mGenerating EusLisp code from definitions/v2x_SPAT_VehicleToLanePosition.msg[0m
[ 96%] Built target definitions_generate_messages_lisp
[ 97%] [34m[1mGenerating C++ code from definitions/v2x_SPAT_MovementState.msg[0m
[ 98%] [34m[1mGenerating C++ code from definitions/v2x_SPAT_PrioritizationResponse.msg[0m
[ 98%] Built target definitions_generate_messages_nodejs
[100%] [34m[1mGenerating EusLisp manifest code for definitions[0m
[100%] [34m[1mGenerating C++ code from definitions/v2x_SPAT_VehicleToLanePosition.msg[0m
[100%] Built target definitions_generate_messages_cpp
[100%] Built target definitions_generate_messages_eus
[35m[1mScanning dependencies of target definitions_generate_messages[0m
[100%] Built target definitions_generate_messages
