[  0%] Built target std_msgs_generate_messages_py
[  0%] Built target _definitions_generate_messages_check_deps_v2x_SPAT_ConnectionManeuverAssist
[  0%] Built target _definitions_generate_messages_check_deps_v2x_CAM_low_freq_container
[  0%] Built target _definitions_generate_messages_check_deps_v2x_CAM_special_container
[  0%] Built target _definitions_generate_messages_check_deps_v2x_SPAT_IntersectionState
[  0%] Built target _definitions_generate_messages_check_deps_v2x_SPAT_MovementEvent
[  0%] Built target _definitions_generate_messages_check_deps_v2x_MAP_Lane
[  0%] Built target _definitions_generate_messages_check_deps_v2x_SPAT_LaneID
[  0%] Built target _definitions_generate_messages_check_deps_v2x_SPAT_MovementState
[  0%] Built target _definitions_generate_messages_check_deps_IkaObjectList
[  0%] Built target geometry_msgs_generate_messages_py
[  0%] Built target _definitions_generate_messages_check_deps_IkaDetection
[  0%] Built target _definitions_generate_messages_check_deps_v2x_SPAT_AdvisorySpeed
[  0%] Built target _definitions_generate_messages_check_deps_IkaDetectionList
[  0%] Built target _definitions_generate_messages_check_deps_v2x_MAP
[  0%] Built target _definitions_generate_messages_check_deps_v2x_SPAT
[  0%] Built target _definitions_generate_messages_check_deps_v2x_SPAT_VehicleToLanePosition
[  0%] Built target _definitions_generate_messages_check_deps_v2x_MAP_Intersection
[  0%] Built target _definitions_generate_messages_check_deps_v2x_CAM_high_freq_container
[  0%] Built target _definitions_generate_messages_check_deps_IkaEgoMotion
[  0%] Built target visualization_msgs_generate_messages_py
[  0%] Built target _definitions_generate_messages_check_deps_IkaSensorStamp
[  0%] Built target _definitions_generate_messages_check_deps_v2x_CAM
[  0%] Built target _definitions_generate_messages_check_deps_v2x_CAM_basic_container
[  0%] Built target _definitions_generate_messages_check_deps_v2x_MAP_Connection
[  0%] Built target _definitions_generate_messages_check_deps_ASN_bitstring
[  0%] Built target _definitions_generate_messages_check_deps_FlatlandVehicleState
[  0%] Built target _definitions_generate_messages_check_deps_v2x_SPAT_PrioritizationResponse
[  0%] Built target _definitions_generate_messages_check_deps_IkaObject
[  0%] Built target _definitions_generate_messages_check_deps_IkaTpTrajectoryInterface
[  0%] Built target visualization_msgs_generate_messages_nodejs
[  0%] Built target std_msgs_generate_messages_nodejs
[  0%] Built target geometry_msgs_generate_messages_nodejs
[  0%] Built target geometry_msgs_generate_messages_cpp
[  0%] Built target _definitions_generate_messages_check_deps_IkaGPS
[  0%] Built target _definitions_generate_messages_check_deps_v2x_CAM_protectedCommunicationZone
[  0%] Built target _definitions_generate_messages_check_deps_v2x_CAM_pathPoint
[  0%] Built target visualization_msgs_generate_messages_eus
[  0%] Built target geometry_msgs_generate_messages_eus
[  0%] Built target std_msgs_generate_messages_eus
[  0%] Built target visualization_msgs_generate_messages_cpp
[  0%] Built target std_msgs_generate_messages_cpp
[  0%] Built target visualization_msgs_generate_messages_lisp
[  0%] Built target std_msgs_generate_messages_lisp
[  0%] Built target geometry_msgs_generate_messages_lisp
[ 21%] Built target definitions_generate_messages_py
[ 41%] Built target definitions_generate_messages_nodejs
[ 60%] Built target definitions_generate_messages_cpp
[ 81%] Built target definitions_generate_messages_eus
[100%] Built target definitions_generate_messages_lisp
[100%] Built target definitions_generate_messages
