Symlinking /home/rosuser/ws/catkin_workspace/devel/include/definitions/v2x_SPAT_IntersectionState.h
Symlinking /home/rosuser/ws/catkin_workspace/devel/include/definitions/v2x_SPAT_ConnectionManeuverAssist.h
Symlinking /home/rosuser/ws/catkin_workspace/devel/include/definitions/v2x_SPAT_AdvisorySpeed.h
Symlinking /home/rosuser/ws/catkin_workspace/devel/include/definitions/v2x_SPAT_VehicleToLanePosition.h
Symlinking /home/rosuser/ws/catkin_workspace/devel/include/definitions/v2x_CAM_protectedCommunicationZone.h
Symlinking /home/rosuser/ws/catkin_workspace/devel/include/definitions/ASN_bitstring.h
Symlinking /home/rosuser/ws/catkin_workspace/devel/include/definitions/IkaEgoMotion.h
Symlinking /home/rosuser/ws/catkin_workspace/devel/include/definitions/v2x_SPAT_PrioritizationResponse.h
Symlinking /home/rosuser/ws/catkin_workspace/devel/include/definitions/v2x_MAP.h
Symlinking /home/rosuser/ws/catkin_workspace/devel/include/definitions/FlatlandVehicleState.h
Symlinking /home/rosuser/ws/catkin_workspace/devel/include/definitions/IkaDetectionList.h
Symlinking /home/rosuser/ws/catkin_workspace/devel/include/definitions/IkaSensorStamp.h
Symlinking /home/rosuser/ws/catkin_workspace/devel/include/definitions/v2x_CAM_special_container.h
Symlinking /home/rosuser/ws/catkin_workspace/devel/include/definitions/v2x_MAP_Intersection.h
Symlinking /home/rosuser/ws/catkin_workspace/devel/include/definitions/v2x_CAM_high_freq_container.h
Symlinking /home/rosuser/ws/catkin_workspace/devel/include/definitions/v2x_MAP_Lane.h
Symlinking /home/rosuser/ws/catkin_workspace/devel/include/definitions/IkaDetection.h
Symlinking /home/rosuser/ws/catkin_workspace/devel/include/definitions/v2x_CAM_basic_container.h
Symlinking /home/rosuser/ws/catkin_workspace/devel/include/definitions/v2x_CAM_low_freq_container.h
Symlinking /home/rosuser/ws/catkin_workspace/devel/include/definitions/v2x_MAP_Connection.h
Symlinking /home/rosuser/ws/catkin_workspace/devel/include/definitions/v2x_CAM_pathPoint.h
Symlinking /home/rosuser/ws/catkin_workspace/devel/include/definitions/v2x_SPAT_MovementEvent.h
Symlinking /home/rosuser/ws/catkin_workspace/devel/include/definitions/v2x_SPAT_MovementState.h
Symlinking /home/rosuser/ws/catkin_workspace/devel/include/definitions/IkaObjectList.h
Symlinking /home/rosuser/ws/catkin_workspace/devel/include/definitions/IkaObject.h
Symlinking /home/rosuser/ws/catkin_workspace/devel/include/definitions/v2x_CAM.h
Symlinking /home/rosuser/ws/catkin_workspace/devel/include/definitions/IkaTpTrajectoryInterface.h
Symlinking /home/rosuser/ws/catkin_workspace/devel/include/definitions/v2x_SPAT_LaneID.h
Symlinking /home/rosuser/ws/catkin_workspace/devel/include/definitions/IkaGPS.h
Symlinking /home/rosuser/ws/catkin_workspace/devel/include/definitions/v2x_SPAT.h
Symlinking /home/rosuser/ws/catkin_workspace/devel/share/common-lisp/ros/definitions/msg/_package_v2x_SPAT_ConnectionManeuverAssist.lisp
Symlinking /home/rosuser/ws/catkin_workspace/devel/share/common-lisp/ros/definitions/msg/_package_IkaDetectionList.lisp
Symlinking /home/rosuser/ws/catkin_workspace/devel/share/common-lisp/ros/definitions/msg/v2x_CAM_low_freq_container.lisp
Symlinking /home/rosuser/ws/catkin_workspace/devel/share/common-lisp/ros/definitions/msg/v2x_CAM_high_freq_container.lisp
Symlinking /home/rosuser/ws/catkin_workspace/devel/share/common-lisp/ros/definitions/msg/_package.lisp
Symlinking /home/rosuser/ws/catkin_workspace/devel/share/common-lisp/ros/definitions/msg/_package_v2x_CAM_low_freq_container.lisp
Symlinking /home/rosuser/ws/catkin_workspace/devel/share/common-lisp/ros/definitions/msg/v2x_MAP_Connection.lisp
Symlinking /home/rosuser/ws/catkin_workspace/devel/share/common-lisp/ros/definitions/msg/_package_v2x_SPAT_PrioritizationResponse.lisp
Symlinking /home/rosuser/ws/catkin_workspace/devel/share/common-lisp/ros/definitions/msg/_package_v2x_SPAT_LaneID.lisp
Symlinking /home/rosuser/ws/catkin_workspace/devel/share/common-lisp/ros/definitions/msg/v2x_SPAT_VehicleToLanePosition.lisp
Symlinking /home/rosuser/ws/catkin_workspace/devel/share/common-lisp/ros/definitions/msg/_package_v2x_SPAT_IntersectionState.lisp
Symlinking /home/rosuser/ws/catkin_workspace/devel/share/common-lisp/ros/definitions/msg/_package_v2x_CAM_special_container.lisp
Symlinking /home/rosuser/ws/catkin_workspace/devel/share/common-lisp/ros/definitions/msg/_package_v2x_CAM_protectedCommunicationZone.lisp
Symlinking /home/rosuser/ws/catkin_workspace/devel/share/common-lisp/ros/definitions/msg/IkaGPS.lisp
Symlinking /home/rosuser/ws/catkin_workspace/devel/share/common-lisp/ros/definitions/msg/IkaObjectList.lisp
Symlinking /home/rosuser/ws/catkin_workspace/devel/share/common-lisp/ros/definitions/msg/_package_v2x_SPAT.lisp
Symlinking /home/rosuser/ws/catkin_workspace/devel/share/common-lisp/ros/definitions/msg/_package_IkaEgoMotion.lisp
Symlinking /home/rosuser/ws/catkin_workspace/devel/share/common-lisp/ros/definitions/msg/_package_v2x_SPAT_AdvisorySpeed.lisp
Symlinking /home/rosuser/ws/catkin_workspace/devel/share/common-lisp/ros/definitions/msg/_package_v2x_MAP_Intersection.lisp
Symlinking /home/rosuser/ws/catkin_workspace/devel/share/common-lisp/ros/definitions/msg/v2x_CAM_basic_container.lisp
Symlinking /home/rosuser/ws/catkin_workspace/devel/share/common-lisp/ros/definitions/msg/FlatlandVehicleState.lisp
Symlinking /home/rosuser/ws/catkin_workspace/devel/share/common-lisp/ros/definitions/msg/_package_IkaObjectList.lisp
Symlinking /home/rosuser/ws/catkin_workspace/devel/share/common-lisp/ros/definitions/msg/v2x_SPAT_IntersectionState.lisp
Symlinking /home/rosuser/ws/catkin_workspace/devel/share/common-lisp/ros/definitions/msg/_package_v2x_CAM_pathPoint.lisp
Symlinking /home/rosuser/ws/catkin_workspace/devel/share/common-lisp/ros/definitions/msg/_package_v2x_SPAT_MovementState.lisp
Symlinking /home/rosuser/ws/catkin_workspace/devel/share/common-lisp/ros/definitions/msg/v2x_MAP_Lane.lisp
Symlinking /home/rosuser/ws/catkin_workspace/devel/share/common-lisp/ros/definitions/msg/_package_ASN_bitstring.lisp
Symlinking /home/rosuser/ws/catkin_workspace/devel/share/common-lisp/ros/definitions/msg/_package_IkaDetection.lisp
Symlinking /home/rosuser/ws/catkin_workspace/devel/share/common-lisp/ros/definitions/msg/_package_v2x_MAP_Connection.lisp
Symlinking /home/rosuser/ws/catkin_workspace/devel/share/common-lisp/ros/definitions/msg/IkaEgoMotion.lisp
Symlinking /home/rosuser/ws/catkin_workspace/devel/share/common-lisp/ros/definitions/msg/_package_v2x_MAP_Lane.lisp
Symlinking /home/rosuser/ws/catkin_workspace/devel/share/common-lisp/ros/definitions/msg/IkaTpTrajectoryInterface.lisp
Symlinking /home/rosuser/ws/catkin_workspace/devel/share/common-lisp/ros/definitions/msg/_package_v2x_CAM_basic_container.lisp
Symlinking /home/rosuser/ws/catkin_workspace/devel/share/common-lisp/ros/definitions/msg/IkaDetection.lisp
Symlinking /home/rosuser/ws/catkin_workspace/devel/share/common-lisp/ros/definitions/msg/_package_IkaTpTrajectoryInterface.lisp
Symlinking /home/rosuser/ws/catkin_workspace/devel/share/common-lisp/ros/definitions/msg/IkaSensorStamp.lisp
Symlinking /home/rosuser/ws/catkin_workspace/devel/share/common-lisp/ros/definitions/msg/v2x_SPAT_MovementState.lisp
Symlinking /home/rosuser/ws/catkin_workspace/devel/share/common-lisp/ros/definitions/msg/_package_IkaObject.lisp
Symlinking /home/rosuser/ws/catkin_workspace/devel/share/common-lisp/ros/definitions/msg/_package_IkaGPS.lisp
Symlinking /home/rosuser/ws/catkin_workspace/devel/share/common-lisp/ros/definitions/msg/definitions-msg.asd
Symlinking /home/rosuser/ws/catkin_workspace/devel/share/common-lisp/ros/definitions/msg/v2x_CAM_special_container.lisp
Symlinking /home/rosuser/ws/catkin_workspace/devel/share/common-lisp/ros/definitions/msg/v2x_CAM.lisp
Symlinking /home/rosuser/ws/catkin_workspace/devel/share/common-lisp/ros/definitions/msg/v2x_MAP.lisp
Symlinking /home/rosuser/ws/catkin_workspace/devel/share/common-lisp/ros/definitions/msg/v2x_SPAT_MovementEvent.lisp
Symlinking /home/rosuser/ws/catkin_workspace/devel/share/common-lisp/ros/definitions/msg/_package_FlatlandVehicleState.lisp
Symlinking /home/rosuser/ws/catkin_workspace/devel/share/common-lisp/ros/definitions/msg/v2x_SPAT_ConnectionManeuverAssist.lisp
Symlinking /home/rosuser/ws/catkin_workspace/devel/share/common-lisp/ros/definitions/msg/_package_v2x_SPAT_MovementEvent.lisp
Symlinking /home/rosuser/ws/catkin_workspace/devel/share/common-lisp/ros/definitions/msg/_package_IkaSensorStamp.lisp
Symlinking /home/rosuser/ws/catkin_workspace/devel/share/common-lisp/ros/definitions/msg/ASN_bitstring.lisp
Symlinking /home/rosuser/ws/catkin_workspace/devel/share/common-lisp/ros/definitions/msg/IkaDetectionList.lisp
Symlinking /home/rosuser/ws/catkin_workspace/devel/share/common-lisp/ros/definitions/msg/v2x_CAM_pathPoint.lisp
Symlinking /home/rosuser/ws/catkin_workspace/devel/share/common-lisp/ros/definitions/msg/v2x_MAP_Intersection.lisp
Symlinking /home/rosuser/ws/catkin_workspace/devel/share/common-lisp/ros/definitions/msg/v2x_SPAT_AdvisorySpeed.lisp
Symlinking /home/rosuser/ws/catkin_workspace/devel/share/common-lisp/ros/definitions/msg/v2x_SPAT_LaneID.lisp
Symlinking /home/rosuser/ws/catkin_workspace/devel/share/common-lisp/ros/definitions/msg/v2x_CAM_protectedCommunicationZone.lisp
Symlinking /home/rosuser/ws/catkin_workspace/devel/share/common-lisp/ros/definitions/msg/IkaObject.lisp
Symlinking /home/rosuser/ws/catkin_workspace/devel/share/common-lisp/ros/definitions/msg/v2x_SPAT.lisp
Symlinking /home/rosuser/ws/catkin_workspace/devel/share/common-lisp/ros/definitions/msg/_package_v2x_CAM.lisp
Symlinking /home/rosuser/ws/catkin_workspace/devel/share/common-lisp/ros/definitions/msg/v2x_SPAT_PrioritizationResponse.lisp
Symlinking /home/rosuser/ws/catkin_workspace/devel/share/common-lisp/ros/definitions/msg/_package_v2x_CAM_high_freq_container.lisp
Symlinking /home/rosuser/ws/catkin_workspace/devel/share/common-lisp/ros/definitions/msg/_package_v2x_MAP.lisp
Symlinking /home/rosuser/ws/catkin_workspace/devel/share/common-lisp/ros/definitions/msg/_package_v2x_SPAT_VehicleToLanePosition.lisp
Symlinking /home/rosuser/ws/catkin_workspace/devel/share/gennodejs/ros/definitions/_index.js
Symlinking /home/rosuser/ws/catkin_workspace/devel/share/gennodejs/ros/definitions/msg/v2x_CAM.js
Symlinking /home/rosuser/ws/catkin_workspace/devel/share/gennodejs/ros/definitions/msg/v2x_CAM_special_container.js
Symlinking /home/rosuser/ws/catkin_workspace/devel/share/gennodejs/ros/definitions/msg/v2x_MAP_Connection.js
Symlinking /home/rosuser/ws/catkin_workspace/devel/share/gennodejs/ros/definitions/msg/v2x_SPAT_PrioritizationResponse.js
Symlinking /home/rosuser/ws/catkin_workspace/devel/share/gennodejs/ros/definitions/msg/v2x_MAP_Lane.js
Symlinking /home/rosuser/ws/catkin_workspace/devel/share/gennodejs/ros/definitions/msg/v2x_CAM_low_freq_container.js
Symlinking /home/rosuser/ws/catkin_workspace/devel/share/gennodejs/ros/definitions/msg/v2x_SPAT_AdvisorySpeed.js
Symlinking /home/rosuser/ws/catkin_workspace/devel/share/gennodejs/ros/definitions/msg/IkaTpTrajectoryInterface.js
Symlinking /home/rosuser/ws/catkin_workspace/devel/share/gennodejs/ros/definitions/msg/v2x_CAM_high_freq_container.js
Symlinking /home/rosuser/ws/catkin_workspace/devel/share/gennodejs/ros/definitions/msg/IkaDetectionList.js
Symlinking /home/rosuser/ws/catkin_workspace/devel/share/gennodejs/ros/definitions/msg/v2x_MAP_Intersection.js
Symlinking /home/rosuser/ws/catkin_workspace/devel/share/gennodejs/ros/definitions/msg/v2x_SPAT.js
Symlinking /home/rosuser/ws/catkin_workspace/devel/share/gennodejs/ros/definitions/msg/v2x_SPAT_LaneID.js
Symlinking /home/rosuser/ws/catkin_workspace/devel/share/gennodejs/ros/definitions/msg/_index.js
Symlinking /home/rosuser/ws/catkin_workspace/devel/share/gennodejs/ros/definitions/msg/ASN_bitstring.js
Symlinking /home/rosuser/ws/catkin_workspace/devel/share/gennodejs/ros/definitions/msg/v2x_SPAT_MovementState.js
Symlinking /home/rosuser/ws/catkin_workspace/devel/share/gennodejs/ros/definitions/msg/IkaDetection.js
Symlinking /home/rosuser/ws/catkin_workspace/devel/share/gennodejs/ros/definitions/msg/IkaObject.js
Symlinking /home/rosuser/ws/catkin_workspace/devel/share/gennodejs/ros/definitions/msg/IkaEgoMotion.js
Symlinking /home/rosuser/ws/catkin_workspace/devel/share/gennodejs/ros/definitions/msg/v2x_CAM_basic_container.js
Symlinking /home/rosuser/ws/catkin_workspace/devel/share/gennodejs/ros/definitions/msg/v2x_SPAT_IntersectionState.js
Symlinking /home/rosuser/ws/catkin_workspace/devel/share/gennodejs/ros/definitions/msg/v2x_SPAT_VehicleToLanePosition.js
Symlinking /home/rosuser/ws/catkin_workspace/devel/share/gennodejs/ros/definitions/msg/v2x_CAM_pathPoint.js
Symlinking /home/rosuser/ws/catkin_workspace/devel/share/gennodejs/ros/definitions/msg/IkaSensorStamp.js
Symlinking /home/rosuser/ws/catkin_workspace/devel/share/gennodejs/ros/definitions/msg/v2x_MAP.js
Symlinking /home/rosuser/ws/catkin_workspace/devel/share/gennodejs/ros/definitions/msg/v2x_SPAT_MovementEvent.js
Symlinking /home/rosuser/ws/catkin_workspace/devel/share/gennodejs/ros/definitions/msg/IkaGPS.js
Symlinking /home/rosuser/ws/catkin_workspace/devel/share/gennodejs/ros/definitions/msg/FlatlandVehicleState.js
Symlinking /home/rosuser/ws/catkin_workspace/devel/share/gennodejs/ros/definitions/msg/v2x_SPAT_ConnectionManeuverAssist.js
Symlinking /home/rosuser/ws/catkin_workspace/devel/share/gennodejs/ros/definitions/msg/IkaObjectList.js
Symlinking /home/rosuser/ws/catkin_workspace/devel/share/gennodejs/ros/definitions/msg/v2x_CAM_protectedCommunicationZone.js
Symlinking /home/rosuser/ws/catkin_workspace/devel/share/roseus/ros/definitions/manifest.l
Symlinking /home/rosuser/ws/catkin_workspace/devel/share/roseus/ros/definitions/msg/v2x_MAP_Lane.l
Symlinking /home/rosuser/ws/catkin_workspace/devel/share/roseus/ros/definitions/msg/IkaEgoMotion.l
Symlinking /home/rosuser/ws/catkin_workspace/devel/share/roseus/ros/definitions/msg/IkaObjectList.l
Symlinking /home/rosuser/ws/catkin_workspace/devel/share/roseus/ros/definitions/msg/v2x_SPAT_AdvisorySpeed.l
Symlinking /home/rosuser/ws/catkin_workspace/devel/share/roseus/ros/definitions/msg/v2x_CAM_protectedCommunicationZone.l
Symlinking /home/rosuser/ws/catkin_workspace/devel/share/roseus/ros/definitions/msg/IkaSensorStamp.l
Symlinking /home/rosuser/ws/catkin_workspace/devel/share/roseus/ros/definitions/msg/v2x_CAM_basic_container.l
Symlinking /home/rosuser/ws/catkin_workspace/devel/share/roseus/ros/definitions/msg/v2x_MAP.l
Symlinking /home/rosuser/ws/catkin_workspace/devel/share/roseus/ros/definitions/msg/FlatlandVehicleState.l
Symlinking /home/rosuser/ws/catkin_workspace/devel/share/roseus/ros/definitions/msg/v2x_CAM_special_container.l
Symlinking /home/rosuser/ws/catkin_workspace/devel/share/roseus/ros/definitions/msg/IkaGPS.l
Symlinking /home/rosuser/ws/catkin_workspace/devel/share/roseus/ros/definitions/msg/v2x_CAM.l
Symlinking /home/rosuser/ws/catkin_workspace/devel/share/roseus/ros/definitions/msg/IkaDetectionList.l
Symlinking /home/rosuser/ws/catkin_workspace/devel/share/roseus/ros/definitions/msg/IkaObject.l
Symlinking /home/rosuser/ws/catkin_workspace/devel/share/roseus/ros/definitions/msg/v2x_MAP_Intersection.l
Symlinking /home/rosuser/ws/catkin_workspace/devel/share/roseus/ros/definitions/msg/v2x_SPAT_IntersectionState.l
Symlinking /home/rosuser/ws/catkin_workspace/devel/share/roseus/ros/definitions/msg/v2x_SPAT_PrioritizationResponse.l
Symlinking /home/rosuser/ws/catkin_workspace/devel/share/roseus/ros/definitions/msg/IkaTpTrajectoryInterface.l
Symlinking /home/rosuser/ws/catkin_workspace/devel/share/roseus/ros/definitions/msg/v2x_CAM_pathPoint.l
Symlinking /home/rosuser/ws/catkin_workspace/devel/share/roseus/ros/definitions/msg/v2x_MAP_Connection.l
Symlinking /home/rosuser/ws/catkin_workspace/devel/share/roseus/ros/definitions/msg/IkaDetection.l
Symlinking /home/rosuser/ws/catkin_workspace/devel/share/roseus/ros/definitions/msg/v2x_CAM_low_freq_container.l
Symlinking /home/rosuser/ws/catkin_workspace/devel/share/roseus/ros/definitions/msg/v2x_CAM_high_freq_container.l
Symlinking /home/rosuser/ws/catkin_workspace/devel/share/roseus/ros/definitions/msg/v2x_SPAT_MovementState.l
Symlinking /home/rosuser/ws/catkin_workspace/devel/share/roseus/ros/definitions/msg/ASN_bitstring.l
Symlinking /home/rosuser/ws/catkin_workspace/devel/share/roseus/ros/definitions/msg/v2x_SPAT.l
Symlinking /home/rosuser/ws/catkin_workspace/devel/share/roseus/ros/definitions/msg/v2x_SPAT_MovementEvent.l
Symlinking /home/rosuser/ws/catkin_workspace/devel/share/roseus/ros/definitions/msg/v2x_SPAT_ConnectionManeuverAssist.l
Symlinking /home/rosuser/ws/catkin_workspace/devel/share/roseus/ros/definitions/msg/v2x_SPAT_LaneID.l
Symlinking /home/rosuser/ws/catkin_workspace/devel/share/roseus/ros/definitions/msg/v2x_SPAT_VehicleToLanePosition.l
Symlinking /home/rosuser/ws/catkin_workspace/devel/share/definitions/cmake/definitionsConfig-version.cmake
Symlinking /home/rosuser/ws/catkin_workspace/devel/share/definitions/cmake/definitions-msg-paths.cmake
Symlinking /home/rosuser/ws/catkin_workspace/devel/share/definitions/cmake/definitionsConfig.cmake
Symlinking /home/rosuser/ws/catkin_workspace/devel/share/definitions/cmake/definitions-msg-extras.cmake
Symlinking /home/rosuser/ws/catkin_workspace/devel/lib/python3/dist-packages/definitions/__init__.py
Symlinking /home/rosuser/ws/catkin_workspace/devel/lib/python3/dist-packages/definitions/msg/_IkaSensorStamp.py
Symlinking /home/rosuser/ws/catkin_workspace/devel/lib/python3/dist-packages/definitions/msg/_IkaEgoMotion.py
Symlinking /home/rosuser/ws/catkin_workspace/devel/lib/python3/dist-packages/definitions/msg/_v2x_SPAT_LaneID.py
Symlinking /home/rosuser/ws/catkin_workspace/devel/lib/python3/dist-packages/definitions/msg/_v2x_CAM_protectedCommunicationZone.py
Symlinking /home/rosuser/ws/catkin_workspace/devel/lib/python3/dist-packages/definitions/msg/_ASN_bitstring.py
Symlinking /home/rosuser/ws/catkin_workspace/devel/lib/python3/dist-packages/definitions/msg/_IkaDetectionList.py
Symlinking /home/rosuser/ws/catkin_workspace/devel/lib/python3/dist-packages/definitions/msg/_v2x_CAM_special_container.py
Symlinking /home/rosuser/ws/catkin_workspace/devel/lib/python3/dist-packages/definitions/msg/_IkaObjectList.py
Symlinking /home/rosuser/ws/catkin_workspace/devel/lib/python3/dist-packages/definitions/msg/_v2x_CAM.py
Symlinking /home/rosuser/ws/catkin_workspace/devel/lib/python3/dist-packages/definitions/msg/_v2x_SPAT_AdvisorySpeed.py
Symlinking /home/rosuser/ws/catkin_workspace/devel/lib/python3/dist-packages/definitions/msg/_v2x_SPAT_ConnectionManeuverAssist.py
Symlinking /home/rosuser/ws/catkin_workspace/devel/lib/python3/dist-packages/definitions/msg/_IkaTpTrajectoryInterface.py
Symlinking /home/rosuser/ws/catkin_workspace/devel/lib/python3/dist-packages/definitions/msg/_v2x_SPAT.py
Symlinking /home/rosuser/ws/catkin_workspace/devel/lib/python3/dist-packages/definitions/msg/_v2x_MAP.py
Symlinking /home/rosuser/ws/catkin_workspace/devel/lib/python3/dist-packages/definitions/msg/_IkaObject.py
Symlinking /home/rosuser/ws/catkin_workspace/devel/lib/python3/dist-packages/definitions/msg/_v2x_MAP_Lane.py
Symlinking /home/rosuser/ws/catkin_workspace/devel/lib/python3/dist-packages/definitions/msg/_v2x_SPAT_IntersectionState.py
Symlinking /home/rosuser/ws/catkin_workspace/devel/lib/python3/dist-packages/definitions/msg/_v2x_CAM_high_freq_container.py
Symlinking /home/rosuser/ws/catkin_workspace/devel/lib/python3/dist-packages/definitions/msg/_v2x_SPAT_MovementEvent.py
Symlinking /home/rosuser/ws/catkin_workspace/devel/lib/python3/dist-packages/definitions/msg/_v2x_MAP_Intersection.py
Symlinking /home/rosuser/ws/catkin_workspace/devel/lib/python3/dist-packages/definitions/msg/_v2x_SPAT_VehicleToLanePosition.py
Symlinking /home/rosuser/ws/catkin_workspace/devel/lib/python3/dist-packages/definitions/msg/_v2x_MAP_Connection.py
Symlinking /home/rosuser/ws/catkin_workspace/devel/lib/python3/dist-packages/definitions/msg/__init__.py
Symlinking /home/rosuser/ws/catkin_workspace/devel/lib/python3/dist-packages/definitions/msg/_v2x_SPAT_MovementState.py
Symlinking /home/rosuser/ws/catkin_workspace/devel/lib/python3/dist-packages/definitions/msg/_IkaDetection.py
Symlinking /home/rosuser/ws/catkin_workspace/devel/lib/python3/dist-packages/definitions/msg/_FlatlandVehicleState.py
Symlinking /home/rosuser/ws/catkin_workspace/devel/lib/python3/dist-packages/definitions/msg/_v2x_SPAT_PrioritizationResponse.py
Symlinking /home/rosuser/ws/catkin_workspace/devel/lib/python3/dist-packages/definitions/msg/_v2x_CAM_pathPoint.py
Symlinking /home/rosuser/ws/catkin_workspace/devel/lib/python3/dist-packages/definitions/msg/_IkaGPS.py
Symlinking /home/rosuser/ws/catkin_workspace/devel/lib/python3/dist-packages/definitions/msg/_v2x_CAM_basic_container.py
Symlinking /home/rosuser/ws/catkin_workspace/devel/lib/python3/dist-packages/definitions/msg/_v2x_CAM_low_freq_container.py
Symlinking /home/rosuser/ws/catkin_workspace/devel/lib/pkgconfig/definitions.pc
