Linked: (/home/rosuser/ws/catkin_workspace/devel/.private/definitions/include/definitions/v2x_SPAT_IntersectionState.h, /home/rosuser/ws/catkin_workspace/devel/include/definitions/v2x_SPAT_IntersectionState.h)
Linked: (/home/rosuser/ws/catkin_workspace/devel/.private/definitions/include/definitions/v2x_SPAT_ConnectionManeuverAssist.h, /home/rosuser/ws/catkin_workspace/devel/include/definitions/v2x_SPAT_ConnectionManeuverAssist.h)
Linked: (/home/rosuser/ws/catkin_workspace/devel/.private/definitions/include/definitions/v2x_SPAT_AdvisorySpeed.h, /home/rosuser/ws/catkin_workspace/devel/include/definitions/v2x_SPAT_AdvisorySpeed.h)
Linked: (/home/rosuser/ws/catkin_workspace/devel/.private/definitions/include/definitions/v2x_SPAT_VehicleToLanePosition.h, /home/rosuser/ws/catkin_workspace/devel/include/definitions/v2x_SPAT_VehicleToLanePosition.h)
Linked: (/home/rosuser/ws/catkin_workspace/devel/.private/definitions/include/definitions/v2x_CAM_protectedCommunicationZone.h, /home/rosuser/ws/catkin_workspace/devel/include/definitions/v2x_CAM_protectedCommunicationZone.h)
Linked: (/home/rosuser/ws/catkin_workspace/devel/.private/definitions/include/definitions/ASN_bitstring.h, /home/rosuser/ws/catkin_workspace/devel/include/definitions/ASN_bitstring.h)
Linked: (/home/rosuser/ws/catkin_workspace/devel/.private/definitions/include/definitions/IkaEgoMotion.h, /home/rosuser/ws/catkin_workspace/devel/include/definitions/IkaEgoMotion.h)
Linked: (/home/rosuser/ws/catkin_workspace/devel/.private/definitions/include/definitions/v2x_SPAT_PrioritizationResponse.h, /home/rosuser/ws/catkin_workspace/devel/include/definitions/v2x_SPAT_PrioritizationResponse.h)
Linked: (/home/rosuser/ws/catkin_workspace/devel/.private/definitions/include/definitions/v2x_MAP.h, /home/rosuser/ws/catkin_workspace/devel/include/definitions/v2x_MAP.h)
Linked: (/home/rosuser/ws/catkin_workspace/devel/.private/definitions/include/definitions/FlatlandVehicleState.h, /home/rosuser/ws/catkin_workspace/devel/include/definitions/FlatlandVehicleState.h)
Linked: (/home/rosuser/ws/catkin_workspace/devel/.private/definitions/include/definitions/IkaDetectionList.h, /home/rosuser/ws/catkin_workspace/devel/include/definitions/IkaDetectionList.h)
Linked: (/home/rosuser/ws/catkin_workspace/devel/.private/definitions/include/definitions/IkaSensorStamp.h, /home/rosuser/ws/catkin_workspace/devel/include/definitions/IkaSensorStamp.h)
Linked: (/home/rosuser/ws/catkin_workspace/devel/.private/definitions/include/definitions/v2x_CAM_special_container.h, /home/rosuser/ws/catkin_workspace/devel/include/definitions/v2x_CAM_special_container.h)
Linked: (/home/rosuser/ws/catkin_workspace/devel/.private/definitions/include/definitions/v2x_MAP_Intersection.h, /home/rosuser/ws/catkin_workspace/devel/include/definitions/v2x_MAP_Intersection.h)
Linked: (/home/rosuser/ws/catkin_workspace/devel/.private/definitions/include/definitions/v2x_CAM_high_freq_container.h, /home/rosuser/ws/catkin_workspace/devel/include/definitions/v2x_CAM_high_freq_container.h)
Linked: (/home/rosuser/ws/catkin_workspace/devel/.private/definitions/include/definitions/v2x_MAP_Lane.h, /home/rosuser/ws/catkin_workspace/devel/include/definitions/v2x_MAP_Lane.h)
Linked: (/home/rosuser/ws/catkin_workspace/devel/.private/definitions/include/definitions/IkaDetection.h, /home/rosuser/ws/catkin_workspace/devel/include/definitions/IkaDetection.h)
Linked: (/home/rosuser/ws/catkin_workspace/devel/.private/definitions/include/definitions/v2x_CAM_basic_container.h, /home/rosuser/ws/catkin_workspace/devel/include/definitions/v2x_CAM_basic_container.h)
Linked: (/home/rosuser/ws/catkin_workspace/devel/.private/definitions/include/definitions/v2x_CAM_low_freq_container.h, /home/rosuser/ws/catkin_workspace/devel/include/definitions/v2x_CAM_low_freq_container.h)
Linked: (/home/rosuser/ws/catkin_workspace/devel/.private/definitions/include/definitions/v2x_MAP_Connection.h, /home/rosuser/ws/catkin_workspace/devel/include/definitions/v2x_MAP_Connection.h)
Linked: (/home/rosuser/ws/catkin_workspace/devel/.private/definitions/include/definitions/v2x_CAM_pathPoint.h, /home/rosuser/ws/catkin_workspace/devel/include/definitions/v2x_CAM_pathPoint.h)
Linked: (/home/rosuser/ws/catkin_workspace/devel/.private/definitions/include/definitions/v2x_SPAT_MovementEvent.h, /home/rosuser/ws/catkin_workspace/devel/include/definitions/v2x_SPAT_MovementEvent.h)
Linked: (/home/rosuser/ws/catkin_workspace/devel/.private/definitions/include/definitions/v2x_SPAT_MovementState.h, /home/rosuser/ws/catkin_workspace/devel/include/definitions/v2x_SPAT_MovementState.h)
Linked: (/home/rosuser/ws/catkin_workspace/devel/.private/definitions/include/definitions/IkaObjectList.h, /home/rosuser/ws/catkin_workspace/devel/include/definitions/IkaObjectList.h)
Linked: (/home/rosuser/ws/catkin_workspace/devel/.private/definitions/include/definitions/IkaObject.h, /home/rosuser/ws/catkin_workspace/devel/include/definitions/IkaObject.h)
Linked: (/home/rosuser/ws/catkin_workspace/devel/.private/definitions/include/definitions/v2x_CAM.h, /home/rosuser/ws/catkin_workspace/devel/include/definitions/v2x_CAM.h)
Linked: (/home/rosuser/ws/catkin_workspace/devel/.private/definitions/include/definitions/IkaTpTrajectoryInterface.h, /home/rosuser/ws/catkin_workspace/devel/include/definitions/IkaTpTrajectoryInterface.h)
Linked: (/home/rosuser/ws/catkin_workspace/devel/.private/definitions/include/definitions/v2x_SPAT_LaneID.h, /home/rosuser/ws/catkin_workspace/devel/include/definitions/v2x_SPAT_LaneID.h)
Linked: (/home/rosuser/ws/catkin_workspace/devel/.private/definitions/include/definitions/IkaGPS.h, /home/rosuser/ws/catkin_workspace/devel/include/definitions/IkaGPS.h)
Linked: (/home/rosuser/ws/catkin_workspace/devel/.private/definitions/include/definitions/v2x_SPAT.h, /home/rosuser/ws/catkin_workspace/devel/include/definitions/v2x_SPAT.h)
Linked: (/home/rosuser/ws/catkin_workspace/devel/.private/definitions/share/common-lisp/ros/definitions/msg/_package_v2x_SPAT_ConnectionManeuverAssist.lisp, /home/rosuser/ws/catkin_workspace/devel/share/common-lisp/ros/definitions/msg/_package_v2x_SPAT_ConnectionManeuverAssist.lisp)
Linked: (/home/rosuser/ws/catkin_workspace/devel/.private/definitions/share/common-lisp/ros/definitions/msg/_package_IkaDetectionList.lisp, /home/rosuser/ws/catkin_workspace/devel/share/common-lisp/ros/definitions/msg/_package_IkaDetectionList.lisp)
Linked: (/home/rosuser/ws/catkin_workspace/devel/.private/definitions/share/common-lisp/ros/definitions/msg/v2x_CAM_low_freq_container.lisp, /home/rosuser/ws/catkin_workspace/devel/share/common-lisp/ros/definitions/msg/v2x_CAM_low_freq_container.lisp)
Linked: (/home/rosuser/ws/catkin_workspace/devel/.private/definitions/share/common-lisp/ros/definitions/msg/v2x_CAM_high_freq_container.lisp, /home/rosuser/ws/catkin_workspace/devel/share/common-lisp/ros/definitions/msg/v2x_CAM_high_freq_container.lisp)
Linked: (/home/rosuser/ws/catkin_workspace/devel/.private/definitions/share/common-lisp/ros/definitions/msg/_package.lisp, /home/rosuser/ws/catkin_workspace/devel/share/common-lisp/ros/definitions/msg/_package.lisp)
Linked: (/home/rosuser/ws/catkin_workspace/devel/.private/definitions/share/common-lisp/ros/definitions/msg/_package_v2x_CAM_low_freq_container.lisp, /home/rosuser/ws/catkin_workspace/devel/share/common-lisp/ros/definitions/msg/_package_v2x_CAM_low_freq_container.lisp)
Linked: (/home/rosuser/ws/catkin_workspace/devel/.private/definitions/share/common-lisp/ros/definitions/msg/v2x_MAP_Connection.lisp, /home/rosuser/ws/catkin_workspace/devel/share/common-lisp/ros/definitions/msg/v2x_MAP_Connection.lisp)
Linked: (/home/rosuser/ws/catkin_workspace/devel/.private/definitions/share/common-lisp/ros/definitions/msg/_package_v2x_SPAT_PrioritizationResponse.lisp, /home/rosuser/ws/catkin_workspace/devel/share/common-lisp/ros/definitions/msg/_package_v2x_SPAT_PrioritizationResponse.lisp)
Linked: (/home/rosuser/ws/catkin_workspace/devel/.private/definitions/share/common-lisp/ros/definitions/msg/_package_v2x_SPAT_LaneID.lisp, /home/rosuser/ws/catkin_workspace/devel/share/common-lisp/ros/definitions/msg/_package_v2x_SPAT_LaneID.lisp)
Linked: (/home/rosuser/ws/catkin_workspace/devel/.private/definitions/share/common-lisp/ros/definitions/msg/v2x_SPAT_VehicleToLanePosition.lisp, /home/rosuser/ws/catkin_workspace/devel/share/common-lisp/ros/definitions/msg/v2x_SPAT_VehicleToLanePosition.lisp)
Linked: (/home/rosuser/ws/catkin_workspace/devel/.private/definitions/share/common-lisp/ros/definitions/msg/_package_v2x_SPAT_IntersectionState.lisp, /home/rosuser/ws/catkin_workspace/devel/share/common-lisp/ros/definitions/msg/_package_v2x_SPAT_IntersectionState.lisp)
Linked: (/home/rosuser/ws/catkin_workspace/devel/.private/definitions/share/common-lisp/ros/definitions/msg/_package_v2x_CAM_special_container.lisp, /home/rosuser/ws/catkin_workspace/devel/share/common-lisp/ros/definitions/msg/_package_v2x_CAM_special_container.lisp)
Linked: (/home/rosuser/ws/catkin_workspace/devel/.private/definitions/share/common-lisp/ros/definitions/msg/_package_v2x_CAM_protectedCommunicationZone.lisp, /home/rosuser/ws/catkin_workspace/devel/share/common-lisp/ros/definitions/msg/_package_v2x_CAM_protectedCommunicationZone.lisp)
Linked: (/home/rosuser/ws/catkin_workspace/devel/.private/definitions/share/common-lisp/ros/definitions/msg/IkaGPS.lisp, /home/rosuser/ws/catkin_workspace/devel/share/common-lisp/ros/definitions/msg/IkaGPS.lisp)
Linked: (/home/rosuser/ws/catkin_workspace/devel/.private/definitions/share/common-lisp/ros/definitions/msg/IkaObjectList.lisp, /home/rosuser/ws/catkin_workspace/devel/share/common-lisp/ros/definitions/msg/IkaObjectList.lisp)
Linked: (/home/rosuser/ws/catkin_workspace/devel/.private/definitions/share/common-lisp/ros/definitions/msg/_package_v2x_SPAT.lisp, /home/rosuser/ws/catkin_workspace/devel/share/common-lisp/ros/definitions/msg/_package_v2x_SPAT.lisp)
Linked: (/home/rosuser/ws/catkin_workspace/devel/.private/definitions/share/common-lisp/ros/definitions/msg/_package_IkaEgoMotion.lisp, /home/rosuser/ws/catkin_workspace/devel/share/common-lisp/ros/definitions/msg/_package_IkaEgoMotion.lisp)
Linked: (/home/rosuser/ws/catkin_workspace/devel/.private/definitions/share/common-lisp/ros/definitions/msg/_package_v2x_SPAT_AdvisorySpeed.lisp, /home/rosuser/ws/catkin_workspace/devel/share/common-lisp/ros/definitions/msg/_package_v2x_SPAT_AdvisorySpeed.lisp)
Linked: (/home/rosuser/ws/catkin_workspace/devel/.private/definitions/share/common-lisp/ros/definitions/msg/_package_v2x_MAP_Intersection.lisp, /home/rosuser/ws/catkin_workspace/devel/share/common-lisp/ros/definitions/msg/_package_v2x_MAP_Intersection.lisp)
Linked: (/home/rosuser/ws/catkin_workspace/devel/.private/definitions/share/common-lisp/ros/definitions/msg/v2x_CAM_basic_container.lisp, /home/rosuser/ws/catkin_workspace/devel/share/common-lisp/ros/definitions/msg/v2x_CAM_basic_container.lisp)
Linked: (/home/rosuser/ws/catkin_workspace/devel/.private/definitions/share/common-lisp/ros/definitions/msg/FlatlandVehicleState.lisp, /home/rosuser/ws/catkin_workspace/devel/share/common-lisp/ros/definitions/msg/FlatlandVehicleState.lisp)
Linked: (/home/rosuser/ws/catkin_workspace/devel/.private/definitions/share/common-lisp/ros/definitions/msg/_package_IkaObjectList.lisp, /home/rosuser/ws/catkin_workspace/devel/share/common-lisp/ros/definitions/msg/_package_IkaObjectList.lisp)
Linked: (/home/rosuser/ws/catkin_workspace/devel/.private/definitions/share/common-lisp/ros/definitions/msg/v2x_SPAT_IntersectionState.lisp, /home/rosuser/ws/catkin_workspace/devel/share/common-lisp/ros/definitions/msg/v2x_SPAT_IntersectionState.lisp)
Linked: (/home/rosuser/ws/catkin_workspace/devel/.private/definitions/share/common-lisp/ros/definitions/msg/_package_v2x_CAM_pathPoint.lisp, /home/rosuser/ws/catkin_workspace/devel/share/common-lisp/ros/definitions/msg/_package_v2x_CAM_pathPoint.lisp)
Linked: (/home/rosuser/ws/catkin_workspace/devel/.private/definitions/share/common-lisp/ros/definitions/msg/_package_v2x_SPAT_MovementState.lisp, /home/rosuser/ws/catkin_workspace/devel/share/common-lisp/ros/definitions/msg/_package_v2x_SPAT_MovementState.lisp)
Linked: (/home/rosuser/ws/catkin_workspace/devel/.private/definitions/share/common-lisp/ros/definitions/msg/v2x_MAP_Lane.lisp, /home/rosuser/ws/catkin_workspace/devel/share/common-lisp/ros/definitions/msg/v2x_MAP_Lane.lisp)
Linked: (/home/rosuser/ws/catkin_workspace/devel/.private/definitions/share/common-lisp/ros/definitions/msg/_package_ASN_bitstring.lisp, /home/rosuser/ws/catkin_workspace/devel/share/common-lisp/ros/definitions/msg/_package_ASN_bitstring.lisp)
Linked: (/home/rosuser/ws/catkin_workspace/devel/.private/definitions/share/common-lisp/ros/definitions/msg/_package_IkaDetection.lisp, /home/rosuser/ws/catkin_workspace/devel/share/common-lisp/ros/definitions/msg/_package_IkaDetection.lisp)
Linked: (/home/rosuser/ws/catkin_workspace/devel/.private/definitions/share/common-lisp/ros/definitions/msg/_package_v2x_MAP_Connection.lisp, /home/rosuser/ws/catkin_workspace/devel/share/common-lisp/ros/definitions/msg/_package_v2x_MAP_Connection.lisp)
Linked: (/home/rosuser/ws/catkin_workspace/devel/.private/definitions/share/common-lisp/ros/definitions/msg/IkaEgoMotion.lisp, /home/rosuser/ws/catkin_workspace/devel/share/common-lisp/ros/definitions/msg/IkaEgoMotion.lisp)
Linked: (/home/rosuser/ws/catkin_workspace/devel/.private/definitions/share/common-lisp/ros/definitions/msg/_package_v2x_MAP_Lane.lisp, /home/rosuser/ws/catkin_workspace/devel/share/common-lisp/ros/definitions/msg/_package_v2x_MAP_Lane.lisp)
Linked: (/home/rosuser/ws/catkin_workspace/devel/.private/definitions/share/common-lisp/ros/definitions/msg/IkaTpTrajectoryInterface.lisp, /home/rosuser/ws/catkin_workspace/devel/share/common-lisp/ros/definitions/msg/IkaTpTrajectoryInterface.lisp)
Linked: (/home/rosuser/ws/catkin_workspace/devel/.private/definitions/share/common-lisp/ros/definitions/msg/_package_v2x_CAM_basic_container.lisp, /home/rosuser/ws/catkin_workspace/devel/share/common-lisp/ros/definitions/msg/_package_v2x_CAM_basic_container.lisp)
Linked: (/home/rosuser/ws/catkin_workspace/devel/.private/definitions/share/common-lisp/ros/definitions/msg/IkaDetection.lisp, /home/rosuser/ws/catkin_workspace/devel/share/common-lisp/ros/definitions/msg/IkaDetection.lisp)
Linked: (/home/rosuser/ws/catkin_workspace/devel/.private/definitions/share/common-lisp/ros/definitions/msg/_package_IkaTpTrajectoryInterface.lisp, /home/rosuser/ws/catkin_workspace/devel/share/common-lisp/ros/definitions/msg/_package_IkaTpTrajectoryInterface.lisp)
Linked: (/home/rosuser/ws/catkin_workspace/devel/.private/definitions/share/common-lisp/ros/definitions/msg/IkaSensorStamp.lisp, /home/rosuser/ws/catkin_workspace/devel/share/common-lisp/ros/definitions/msg/IkaSensorStamp.lisp)
Linked: (/home/rosuser/ws/catkin_workspace/devel/.private/definitions/share/common-lisp/ros/definitions/msg/v2x_SPAT_MovementState.lisp, /home/rosuser/ws/catkin_workspace/devel/share/common-lisp/ros/definitions/msg/v2x_SPAT_MovementState.lisp)
Linked: (/home/rosuser/ws/catkin_workspace/devel/.private/definitions/share/common-lisp/ros/definitions/msg/_package_IkaObject.lisp, /home/rosuser/ws/catkin_workspace/devel/share/common-lisp/ros/definitions/msg/_package_IkaObject.lisp)
Linked: (/home/rosuser/ws/catkin_workspace/devel/.private/definitions/share/common-lisp/ros/definitions/msg/_package_IkaGPS.lisp, /home/rosuser/ws/catkin_workspace/devel/share/common-lisp/ros/definitions/msg/_package_IkaGPS.lisp)
Linked: (/home/rosuser/ws/catkin_workspace/devel/.private/definitions/share/common-lisp/ros/definitions/msg/definitions-msg.asd, /home/rosuser/ws/catkin_workspace/devel/share/common-lisp/ros/definitions/msg/definitions-msg.asd)
Linked: (/home/rosuser/ws/catkin_workspace/devel/.private/definitions/share/common-lisp/ros/definitions/msg/v2x_CAM_special_container.lisp, /home/rosuser/ws/catkin_workspace/devel/share/common-lisp/ros/definitions/msg/v2x_CAM_special_container.lisp)
Linked: (/home/rosuser/ws/catkin_workspace/devel/.private/definitions/share/common-lisp/ros/definitions/msg/v2x_CAM.lisp, /home/rosuser/ws/catkin_workspace/devel/share/common-lisp/ros/definitions/msg/v2x_CAM.lisp)
Linked: (/home/rosuser/ws/catkin_workspace/devel/.private/definitions/share/common-lisp/ros/definitions/msg/v2x_MAP.lisp, /home/rosuser/ws/catkin_workspace/devel/share/common-lisp/ros/definitions/msg/v2x_MAP.lisp)
Linked: (/home/rosuser/ws/catkin_workspace/devel/.private/definitions/share/common-lisp/ros/definitions/msg/v2x_SPAT_MovementEvent.lisp, /home/rosuser/ws/catkin_workspace/devel/share/common-lisp/ros/definitions/msg/v2x_SPAT_MovementEvent.lisp)
Linked: (/home/rosuser/ws/catkin_workspace/devel/.private/definitions/share/common-lisp/ros/definitions/msg/_package_FlatlandVehicleState.lisp, /home/rosuser/ws/catkin_workspace/devel/share/common-lisp/ros/definitions/msg/_package_FlatlandVehicleState.lisp)
Linked: (/home/rosuser/ws/catkin_workspace/devel/.private/definitions/share/common-lisp/ros/definitions/msg/v2x_SPAT_ConnectionManeuverAssist.lisp, /home/rosuser/ws/catkin_workspace/devel/share/common-lisp/ros/definitions/msg/v2x_SPAT_ConnectionManeuverAssist.lisp)
Linked: (/home/rosuser/ws/catkin_workspace/devel/.private/definitions/share/common-lisp/ros/definitions/msg/_package_v2x_SPAT_MovementEvent.lisp, /home/rosuser/ws/catkin_workspace/devel/share/common-lisp/ros/definitions/msg/_package_v2x_SPAT_MovementEvent.lisp)
Linked: (/home/rosuser/ws/catkin_workspace/devel/.private/definitions/share/common-lisp/ros/definitions/msg/_package_IkaSensorStamp.lisp, /home/rosuser/ws/catkin_workspace/devel/share/common-lisp/ros/definitions/msg/_package_IkaSensorStamp.lisp)
Linked: (/home/rosuser/ws/catkin_workspace/devel/.private/definitions/share/common-lisp/ros/definitions/msg/ASN_bitstring.lisp, /home/rosuser/ws/catkin_workspace/devel/share/common-lisp/ros/definitions/msg/ASN_bitstring.lisp)
Linked: (/home/rosuser/ws/catkin_workspace/devel/.private/definitions/share/common-lisp/ros/definitions/msg/IkaDetectionList.lisp, /home/rosuser/ws/catkin_workspace/devel/share/common-lisp/ros/definitions/msg/IkaDetectionList.lisp)
Linked: (/home/rosuser/ws/catkin_workspace/devel/.private/definitions/share/common-lisp/ros/definitions/msg/v2x_CAM_pathPoint.lisp, /home/rosuser/ws/catkin_workspace/devel/share/common-lisp/ros/definitions/msg/v2x_CAM_pathPoint.lisp)
Linked: (/home/rosuser/ws/catkin_workspace/devel/.private/definitions/share/common-lisp/ros/definitions/msg/v2x_MAP_Intersection.lisp, /home/rosuser/ws/catkin_workspace/devel/share/common-lisp/ros/definitions/msg/v2x_MAP_Intersection.lisp)
Linked: (/home/rosuser/ws/catkin_workspace/devel/.private/definitions/share/common-lisp/ros/definitions/msg/v2x_SPAT_AdvisorySpeed.lisp, /home/rosuser/ws/catkin_workspace/devel/share/common-lisp/ros/definitions/msg/v2x_SPAT_AdvisorySpeed.lisp)
Linked: (/home/rosuser/ws/catkin_workspace/devel/.private/definitions/share/common-lisp/ros/definitions/msg/v2x_SPAT_LaneID.lisp, /home/rosuser/ws/catkin_workspace/devel/share/common-lisp/ros/definitions/msg/v2x_SPAT_LaneID.lisp)
Linked: (/home/rosuser/ws/catkin_workspace/devel/.private/definitions/share/common-lisp/ros/definitions/msg/v2x_CAM_protectedCommunicationZone.lisp, /home/rosuser/ws/catkin_workspace/devel/share/common-lisp/ros/definitions/msg/v2x_CAM_protectedCommunicationZone.lisp)
Linked: (/home/rosuser/ws/catkin_workspace/devel/.private/definitions/share/common-lisp/ros/definitions/msg/IkaObject.lisp, /home/rosuser/ws/catkin_workspace/devel/share/common-lisp/ros/definitions/msg/IkaObject.lisp)
Linked: (/home/rosuser/ws/catkin_workspace/devel/.private/definitions/share/common-lisp/ros/definitions/msg/v2x_SPAT.lisp, /home/rosuser/ws/catkin_workspace/devel/share/common-lisp/ros/definitions/msg/v2x_SPAT.lisp)
Linked: (/home/rosuser/ws/catkin_workspace/devel/.private/definitions/share/common-lisp/ros/definitions/msg/_package_v2x_CAM.lisp, /home/rosuser/ws/catkin_workspace/devel/share/common-lisp/ros/definitions/msg/_package_v2x_CAM.lisp)
Linked: (/home/rosuser/ws/catkin_workspace/devel/.private/definitions/share/common-lisp/ros/definitions/msg/v2x_SPAT_PrioritizationResponse.lisp, /home/rosuser/ws/catkin_workspace/devel/share/common-lisp/ros/definitions/msg/v2x_SPAT_PrioritizationResponse.lisp)
Linked: (/home/rosuser/ws/catkin_workspace/devel/.private/definitions/share/common-lisp/ros/definitions/msg/_package_v2x_CAM_high_freq_container.lisp, /home/rosuser/ws/catkin_workspace/devel/share/common-lisp/ros/definitions/msg/_package_v2x_CAM_high_freq_container.lisp)
Linked: (/home/rosuser/ws/catkin_workspace/devel/.private/definitions/share/common-lisp/ros/definitions/msg/_package_v2x_MAP.lisp, /home/rosuser/ws/catkin_workspace/devel/share/common-lisp/ros/definitions/msg/_package_v2x_MAP.lisp)
Linked: (/home/rosuser/ws/catkin_workspace/devel/.private/definitions/share/common-lisp/ros/definitions/msg/_package_v2x_SPAT_VehicleToLanePosition.lisp, /home/rosuser/ws/catkin_workspace/devel/share/common-lisp/ros/definitions/msg/_package_v2x_SPAT_VehicleToLanePosition.lisp)
Linked: (/home/rosuser/ws/catkin_workspace/devel/.private/definitions/share/gennodejs/ros/definitions/_index.js, /home/rosuser/ws/catkin_workspace/devel/share/gennodejs/ros/definitions/_index.js)
Linked: (/home/rosuser/ws/catkin_workspace/devel/.private/definitions/share/gennodejs/ros/definitions/msg/v2x_CAM.js, /home/rosuser/ws/catkin_workspace/devel/share/gennodejs/ros/definitions/msg/v2x_CAM.js)
Linked: (/home/rosuser/ws/catkin_workspace/devel/.private/definitions/share/gennodejs/ros/definitions/msg/v2x_CAM_special_container.js, /home/rosuser/ws/catkin_workspace/devel/share/gennodejs/ros/definitions/msg/v2x_CAM_special_container.js)
Linked: (/home/rosuser/ws/catkin_workspace/devel/.private/definitions/share/gennodejs/ros/definitions/msg/v2x_MAP_Connection.js, /home/rosuser/ws/catkin_workspace/devel/share/gennodejs/ros/definitions/msg/v2x_MAP_Connection.js)
Linked: (/home/rosuser/ws/catkin_workspace/devel/.private/definitions/share/gennodejs/ros/definitions/msg/v2x_SPAT_PrioritizationResponse.js, /home/rosuser/ws/catkin_workspace/devel/share/gennodejs/ros/definitions/msg/v2x_SPAT_PrioritizationResponse.js)
Linked: (/home/rosuser/ws/catkin_workspace/devel/.private/definitions/share/gennodejs/ros/definitions/msg/v2x_MAP_Lane.js, /home/rosuser/ws/catkin_workspace/devel/share/gennodejs/ros/definitions/msg/v2x_MAP_Lane.js)
Linked: (/home/rosuser/ws/catkin_workspace/devel/.private/definitions/share/gennodejs/ros/definitions/msg/v2x_CAM_low_freq_container.js, /home/rosuser/ws/catkin_workspace/devel/share/gennodejs/ros/definitions/msg/v2x_CAM_low_freq_container.js)
Linked: (/home/rosuser/ws/catkin_workspace/devel/.private/definitions/share/gennodejs/ros/definitions/msg/v2x_SPAT_AdvisorySpeed.js, /home/rosuser/ws/catkin_workspace/devel/share/gennodejs/ros/definitions/msg/v2x_SPAT_AdvisorySpeed.js)
Linked: (/home/rosuser/ws/catkin_workspace/devel/.private/definitions/share/gennodejs/ros/definitions/msg/IkaTpTrajectoryInterface.js, /home/rosuser/ws/catkin_workspace/devel/share/gennodejs/ros/definitions/msg/IkaTpTrajectoryInterface.js)
Linked: (/home/rosuser/ws/catkin_workspace/devel/.private/definitions/share/gennodejs/ros/definitions/msg/v2x_CAM_high_freq_container.js, /home/rosuser/ws/catkin_workspace/devel/share/gennodejs/ros/definitions/msg/v2x_CAM_high_freq_container.js)
Linked: (/home/rosuser/ws/catkin_workspace/devel/.private/definitions/share/gennodejs/ros/definitions/msg/IkaDetectionList.js, /home/rosuser/ws/catkin_workspace/devel/share/gennodejs/ros/definitions/msg/IkaDetectionList.js)
Linked: (/home/rosuser/ws/catkin_workspace/devel/.private/definitions/share/gennodejs/ros/definitions/msg/v2x_MAP_Intersection.js, /home/rosuser/ws/catkin_workspace/devel/share/gennodejs/ros/definitions/msg/v2x_MAP_Intersection.js)
Linked: (/home/rosuser/ws/catkin_workspace/devel/.private/definitions/share/gennodejs/ros/definitions/msg/v2x_SPAT.js, /home/rosuser/ws/catkin_workspace/devel/share/gennodejs/ros/definitions/msg/v2x_SPAT.js)
Linked: (/home/rosuser/ws/catkin_workspace/devel/.private/definitions/share/gennodejs/ros/definitions/msg/v2x_SPAT_LaneID.js, /home/rosuser/ws/catkin_workspace/devel/share/gennodejs/ros/definitions/msg/v2x_SPAT_LaneID.js)
Linked: (/home/rosuser/ws/catkin_workspace/devel/.private/definitions/share/gennodejs/ros/definitions/msg/_index.js, /home/rosuser/ws/catkin_workspace/devel/share/gennodejs/ros/definitions/msg/_index.js)
Linked: (/home/rosuser/ws/catkin_workspace/devel/.private/definitions/share/gennodejs/ros/definitions/msg/ASN_bitstring.js, /home/rosuser/ws/catkin_workspace/devel/share/gennodejs/ros/definitions/msg/ASN_bitstring.js)
Linked: (/home/rosuser/ws/catkin_workspace/devel/.private/definitions/share/gennodejs/ros/definitions/msg/v2x_SPAT_MovementState.js, /home/rosuser/ws/catkin_workspace/devel/share/gennodejs/ros/definitions/msg/v2x_SPAT_MovementState.js)
Linked: (/home/rosuser/ws/catkin_workspace/devel/.private/definitions/share/gennodejs/ros/definitions/msg/IkaDetection.js, /home/rosuser/ws/catkin_workspace/devel/share/gennodejs/ros/definitions/msg/IkaDetection.js)
Linked: (/home/rosuser/ws/catkin_workspace/devel/.private/definitions/share/gennodejs/ros/definitions/msg/IkaObject.js, /home/rosuser/ws/catkin_workspace/devel/share/gennodejs/ros/definitions/msg/IkaObject.js)
Linked: (/home/rosuser/ws/catkin_workspace/devel/.private/definitions/share/gennodejs/ros/definitions/msg/IkaEgoMotion.js, /home/rosuser/ws/catkin_workspace/devel/share/gennodejs/ros/definitions/msg/IkaEgoMotion.js)
Linked: (/home/rosuser/ws/catkin_workspace/devel/.private/definitions/share/gennodejs/ros/definitions/msg/v2x_CAM_basic_container.js, /home/rosuser/ws/catkin_workspace/devel/share/gennodejs/ros/definitions/msg/v2x_CAM_basic_container.js)
Linked: (/home/rosuser/ws/catkin_workspace/devel/.private/definitions/share/gennodejs/ros/definitions/msg/v2x_SPAT_IntersectionState.js, /home/rosuser/ws/catkin_workspace/devel/share/gennodejs/ros/definitions/msg/v2x_SPAT_IntersectionState.js)
Linked: (/home/rosuser/ws/catkin_workspace/devel/.private/definitions/share/gennodejs/ros/definitions/msg/v2x_SPAT_VehicleToLanePosition.js, /home/rosuser/ws/catkin_workspace/devel/share/gennodejs/ros/definitions/msg/v2x_SPAT_VehicleToLanePosition.js)
Linked: (/home/rosuser/ws/catkin_workspace/devel/.private/definitions/share/gennodejs/ros/definitions/msg/v2x_CAM_pathPoint.js, /home/rosuser/ws/catkin_workspace/devel/share/gennodejs/ros/definitions/msg/v2x_CAM_pathPoint.js)
Linked: (/home/rosuser/ws/catkin_workspace/devel/.private/definitions/share/gennodejs/ros/definitions/msg/IkaSensorStamp.js, /home/rosuser/ws/catkin_workspace/devel/share/gennodejs/ros/definitions/msg/IkaSensorStamp.js)
Linked: (/home/rosuser/ws/catkin_workspace/devel/.private/definitions/share/gennodejs/ros/definitions/msg/v2x_MAP.js, /home/rosuser/ws/catkin_workspace/devel/share/gennodejs/ros/definitions/msg/v2x_MAP.js)
Linked: (/home/rosuser/ws/catkin_workspace/devel/.private/definitions/share/gennodejs/ros/definitions/msg/v2x_SPAT_MovementEvent.js, /home/rosuser/ws/catkin_workspace/devel/share/gennodejs/ros/definitions/msg/v2x_SPAT_MovementEvent.js)
Linked: (/home/rosuser/ws/catkin_workspace/devel/.private/definitions/share/gennodejs/ros/definitions/msg/IkaGPS.js, /home/rosuser/ws/catkin_workspace/devel/share/gennodejs/ros/definitions/msg/IkaGPS.js)
Linked: (/home/rosuser/ws/catkin_workspace/devel/.private/definitions/share/gennodejs/ros/definitions/msg/FlatlandVehicleState.js, /home/rosuser/ws/catkin_workspace/devel/share/gennodejs/ros/definitions/msg/FlatlandVehicleState.js)
Linked: (/home/rosuser/ws/catkin_workspace/devel/.private/definitions/share/gennodejs/ros/definitions/msg/v2x_SPAT_ConnectionManeuverAssist.js, /home/rosuser/ws/catkin_workspace/devel/share/gennodejs/ros/definitions/msg/v2x_SPAT_ConnectionManeuverAssist.js)
Linked: (/home/rosuser/ws/catkin_workspace/devel/.private/definitions/share/gennodejs/ros/definitions/msg/IkaObjectList.js, /home/rosuser/ws/catkin_workspace/devel/share/gennodejs/ros/definitions/msg/IkaObjectList.js)
Linked: (/home/rosuser/ws/catkin_workspace/devel/.private/definitions/share/gennodejs/ros/definitions/msg/v2x_CAM_protectedCommunicationZone.js, /home/rosuser/ws/catkin_workspace/devel/share/gennodejs/ros/definitions/msg/v2x_CAM_protectedCommunicationZone.js)
Linked: (/home/rosuser/ws/catkin_workspace/devel/.private/definitions/share/roseus/ros/definitions/manifest.l, /home/rosuser/ws/catkin_workspace/devel/share/roseus/ros/definitions/manifest.l)
Linked: (/home/rosuser/ws/catkin_workspace/devel/.private/definitions/share/roseus/ros/definitions/msg/v2x_MAP_Lane.l, /home/rosuser/ws/catkin_workspace/devel/share/roseus/ros/definitions/msg/v2x_MAP_Lane.l)
Linked: (/home/rosuser/ws/catkin_workspace/devel/.private/definitions/share/roseus/ros/definitions/msg/IkaEgoMotion.l, /home/rosuser/ws/catkin_workspace/devel/share/roseus/ros/definitions/msg/IkaEgoMotion.l)
Linked: (/home/rosuser/ws/catkin_workspace/devel/.private/definitions/share/roseus/ros/definitions/msg/IkaObjectList.l, /home/rosuser/ws/catkin_workspace/devel/share/roseus/ros/definitions/msg/IkaObjectList.l)
Linked: (/home/rosuser/ws/catkin_workspace/devel/.private/definitions/share/roseus/ros/definitions/msg/v2x_SPAT_AdvisorySpeed.l, /home/rosuser/ws/catkin_workspace/devel/share/roseus/ros/definitions/msg/v2x_SPAT_AdvisorySpeed.l)
Linked: (/home/rosuser/ws/catkin_workspace/devel/.private/definitions/share/roseus/ros/definitions/msg/v2x_CAM_protectedCommunicationZone.l, /home/rosuser/ws/catkin_workspace/devel/share/roseus/ros/definitions/msg/v2x_CAM_protectedCommunicationZone.l)
Linked: (/home/rosuser/ws/catkin_workspace/devel/.private/definitions/share/roseus/ros/definitions/msg/IkaSensorStamp.l, /home/rosuser/ws/catkin_workspace/devel/share/roseus/ros/definitions/msg/IkaSensorStamp.l)
Linked: (/home/rosuser/ws/catkin_workspace/devel/.private/definitions/share/roseus/ros/definitions/msg/v2x_CAM_basic_container.l, /home/rosuser/ws/catkin_workspace/devel/share/roseus/ros/definitions/msg/v2x_CAM_basic_container.l)
Linked: (/home/rosuser/ws/catkin_workspace/devel/.private/definitions/share/roseus/ros/definitions/msg/v2x_MAP.l, /home/rosuser/ws/catkin_workspace/devel/share/roseus/ros/definitions/msg/v2x_MAP.l)
Linked: (/home/rosuser/ws/catkin_workspace/devel/.private/definitions/share/roseus/ros/definitions/msg/FlatlandVehicleState.l, /home/rosuser/ws/catkin_workspace/devel/share/roseus/ros/definitions/msg/FlatlandVehicleState.l)
Linked: (/home/rosuser/ws/catkin_workspace/devel/.private/definitions/share/roseus/ros/definitions/msg/v2x_CAM_special_container.l, /home/rosuser/ws/catkin_workspace/devel/share/roseus/ros/definitions/msg/v2x_CAM_special_container.l)
Linked: (/home/rosuser/ws/catkin_workspace/devel/.private/definitions/share/roseus/ros/definitions/msg/IkaGPS.l, /home/rosuser/ws/catkin_workspace/devel/share/roseus/ros/definitions/msg/IkaGPS.l)
Linked: (/home/rosuser/ws/catkin_workspace/devel/.private/definitions/share/roseus/ros/definitions/msg/v2x_CAM.l, /home/rosuser/ws/catkin_workspace/devel/share/roseus/ros/definitions/msg/v2x_CAM.l)
Linked: (/home/rosuser/ws/catkin_workspace/devel/.private/definitions/share/roseus/ros/definitions/msg/IkaDetectionList.l, /home/rosuser/ws/catkin_workspace/devel/share/roseus/ros/definitions/msg/IkaDetectionList.l)
Linked: (/home/rosuser/ws/catkin_workspace/devel/.private/definitions/share/roseus/ros/definitions/msg/IkaObject.l, /home/rosuser/ws/catkin_workspace/devel/share/roseus/ros/definitions/msg/IkaObject.l)
Linked: (/home/rosuser/ws/catkin_workspace/devel/.private/definitions/share/roseus/ros/definitions/msg/v2x_MAP_Intersection.l, /home/rosuser/ws/catkin_workspace/devel/share/roseus/ros/definitions/msg/v2x_MAP_Intersection.l)
Linked: (/home/rosuser/ws/catkin_workspace/devel/.private/definitions/share/roseus/ros/definitions/msg/v2x_SPAT_IntersectionState.l, /home/rosuser/ws/catkin_workspace/devel/share/roseus/ros/definitions/msg/v2x_SPAT_IntersectionState.l)
Linked: (/home/rosuser/ws/catkin_workspace/devel/.private/definitions/share/roseus/ros/definitions/msg/v2x_SPAT_PrioritizationResponse.l, /home/rosuser/ws/catkin_workspace/devel/share/roseus/ros/definitions/msg/v2x_SPAT_PrioritizationResponse.l)
Linked: (/home/rosuser/ws/catkin_workspace/devel/.private/definitions/share/roseus/ros/definitions/msg/IkaTpTrajectoryInterface.l, /home/rosuser/ws/catkin_workspace/devel/share/roseus/ros/definitions/msg/IkaTpTrajectoryInterface.l)
Linked: (/home/rosuser/ws/catkin_workspace/devel/.private/definitions/share/roseus/ros/definitions/msg/v2x_CAM_pathPoint.l, /home/rosuser/ws/catkin_workspace/devel/share/roseus/ros/definitions/msg/v2x_CAM_pathPoint.l)
Linked: (/home/rosuser/ws/catkin_workspace/devel/.private/definitions/share/roseus/ros/definitions/msg/v2x_MAP_Connection.l, /home/rosuser/ws/catkin_workspace/devel/share/roseus/ros/definitions/msg/v2x_MAP_Connection.l)
Linked: (/home/rosuser/ws/catkin_workspace/devel/.private/definitions/share/roseus/ros/definitions/msg/IkaDetection.l, /home/rosuser/ws/catkin_workspace/devel/share/roseus/ros/definitions/msg/IkaDetection.l)
Linked: (/home/rosuser/ws/catkin_workspace/devel/.private/definitions/share/roseus/ros/definitions/msg/v2x_CAM_low_freq_container.l, /home/rosuser/ws/catkin_workspace/devel/share/roseus/ros/definitions/msg/v2x_CAM_low_freq_container.l)
Linked: (/home/rosuser/ws/catkin_workspace/devel/.private/definitions/share/roseus/ros/definitions/msg/v2x_CAM_high_freq_container.l, /home/rosuser/ws/catkin_workspace/devel/share/roseus/ros/definitions/msg/v2x_CAM_high_freq_container.l)
Linked: (/home/rosuser/ws/catkin_workspace/devel/.private/definitions/share/roseus/ros/definitions/msg/v2x_SPAT_MovementState.l, /home/rosuser/ws/catkin_workspace/devel/share/roseus/ros/definitions/msg/v2x_SPAT_MovementState.l)
Linked: (/home/rosuser/ws/catkin_workspace/devel/.private/definitions/share/roseus/ros/definitions/msg/ASN_bitstring.l, /home/rosuser/ws/catkin_workspace/devel/share/roseus/ros/definitions/msg/ASN_bitstring.l)
Linked: (/home/rosuser/ws/catkin_workspace/devel/.private/definitions/share/roseus/ros/definitions/msg/v2x_SPAT.l, /home/rosuser/ws/catkin_workspace/devel/share/roseus/ros/definitions/msg/v2x_SPAT.l)
Linked: (/home/rosuser/ws/catkin_workspace/devel/.private/definitions/share/roseus/ros/definitions/msg/v2x_SPAT_MovementEvent.l, /home/rosuser/ws/catkin_workspace/devel/share/roseus/ros/definitions/msg/v2x_SPAT_MovementEvent.l)
Linked: (/home/rosuser/ws/catkin_workspace/devel/.private/definitions/share/roseus/ros/definitions/msg/v2x_SPAT_ConnectionManeuverAssist.l, /home/rosuser/ws/catkin_workspace/devel/share/roseus/ros/definitions/msg/v2x_SPAT_ConnectionManeuverAssist.l)
Linked: (/home/rosuser/ws/catkin_workspace/devel/.private/definitions/share/roseus/ros/definitions/msg/v2x_SPAT_LaneID.l, /home/rosuser/ws/catkin_workspace/devel/share/roseus/ros/definitions/msg/v2x_SPAT_LaneID.l)
Linked: (/home/rosuser/ws/catkin_workspace/devel/.private/definitions/share/roseus/ros/definitions/msg/v2x_SPAT_VehicleToLanePosition.l, /home/rosuser/ws/catkin_workspace/devel/share/roseus/ros/definitions/msg/v2x_SPAT_VehicleToLanePosition.l)
Linked: (/home/rosuser/ws/catkin_workspace/devel/.private/definitions/share/definitions/cmake/definitionsConfig-version.cmake, /home/rosuser/ws/catkin_workspace/devel/share/definitions/cmake/definitionsConfig-version.cmake)
Linked: (/home/rosuser/ws/catkin_workspace/devel/.private/definitions/share/definitions/cmake/definitions-msg-paths.cmake, /home/rosuser/ws/catkin_workspace/devel/share/definitions/cmake/definitions-msg-paths.cmake)
Linked: (/home/rosuser/ws/catkin_workspace/devel/.private/definitions/share/definitions/cmake/definitionsConfig.cmake, /home/rosuser/ws/catkin_workspace/devel/share/definitions/cmake/definitionsConfig.cmake)
Linked: (/home/rosuser/ws/catkin_workspace/devel/.private/definitions/share/definitions/cmake/definitions-msg-extras.cmake, /home/rosuser/ws/catkin_workspace/devel/share/definitions/cmake/definitions-msg-extras.cmake)
Linked: (/home/rosuser/ws/catkin_workspace/devel/.private/definitions/lib/python3/dist-packages/definitions/__init__.py, /home/rosuser/ws/catkin_workspace/devel/lib/python3/dist-packages/definitions/__init__.py)
Linked: (/home/rosuser/ws/catkin_workspace/devel/.private/definitions/lib/python3/dist-packages/definitions/msg/_IkaSensorStamp.py, /home/rosuser/ws/catkin_workspace/devel/lib/python3/dist-packages/definitions/msg/_IkaSensorStamp.py)
Linked: (/home/rosuser/ws/catkin_workspace/devel/.private/definitions/lib/python3/dist-packages/definitions/msg/_IkaEgoMotion.py, /home/rosuser/ws/catkin_workspace/devel/lib/python3/dist-packages/definitions/msg/_IkaEgoMotion.py)
Linked: (/home/rosuser/ws/catkin_workspace/devel/.private/definitions/lib/python3/dist-packages/definitions/msg/_v2x_SPAT_LaneID.py, /home/rosuser/ws/catkin_workspace/devel/lib/python3/dist-packages/definitions/msg/_v2x_SPAT_LaneID.py)
Linked: (/home/rosuser/ws/catkin_workspace/devel/.private/definitions/lib/python3/dist-packages/definitions/msg/_v2x_CAM_protectedCommunicationZone.py, /home/rosuser/ws/catkin_workspace/devel/lib/python3/dist-packages/definitions/msg/_v2x_CAM_protectedCommunicationZone.py)
Linked: (/home/rosuser/ws/catkin_workspace/devel/.private/definitions/lib/python3/dist-packages/definitions/msg/_ASN_bitstring.py, /home/rosuser/ws/catkin_workspace/devel/lib/python3/dist-packages/definitions/msg/_ASN_bitstring.py)
Linked: (/home/rosuser/ws/catkin_workspace/devel/.private/definitions/lib/python3/dist-packages/definitions/msg/_IkaDetectionList.py, /home/rosuser/ws/catkin_workspace/devel/lib/python3/dist-packages/definitions/msg/_IkaDetectionList.py)
Linked: (/home/rosuser/ws/catkin_workspace/devel/.private/definitions/lib/python3/dist-packages/definitions/msg/_v2x_CAM_special_container.py, /home/rosuser/ws/catkin_workspace/devel/lib/python3/dist-packages/definitions/msg/_v2x_CAM_special_container.py)
Linked: (/home/rosuser/ws/catkin_workspace/devel/.private/definitions/lib/python3/dist-packages/definitions/msg/_IkaObjectList.py, /home/rosuser/ws/catkin_workspace/devel/lib/python3/dist-packages/definitions/msg/_IkaObjectList.py)
Linked: (/home/rosuser/ws/catkin_workspace/devel/.private/definitions/lib/python3/dist-packages/definitions/msg/_v2x_CAM.py, /home/rosuser/ws/catkin_workspace/devel/lib/python3/dist-packages/definitions/msg/_v2x_CAM.py)
Linked: (/home/rosuser/ws/catkin_workspace/devel/.private/definitions/lib/python3/dist-packages/definitions/msg/_v2x_SPAT_AdvisorySpeed.py, /home/rosuser/ws/catkin_workspace/devel/lib/python3/dist-packages/definitions/msg/_v2x_SPAT_AdvisorySpeed.py)
Linked: (/home/rosuser/ws/catkin_workspace/devel/.private/definitions/lib/python3/dist-packages/definitions/msg/_v2x_SPAT_ConnectionManeuverAssist.py, /home/rosuser/ws/catkin_workspace/devel/lib/python3/dist-packages/definitions/msg/_v2x_SPAT_ConnectionManeuverAssist.py)
Linked: (/home/rosuser/ws/catkin_workspace/devel/.private/definitions/lib/python3/dist-packages/definitions/msg/_IkaTpTrajectoryInterface.py, /home/rosuser/ws/catkin_workspace/devel/lib/python3/dist-packages/definitions/msg/_IkaTpTrajectoryInterface.py)
Linked: (/home/rosuser/ws/catkin_workspace/devel/.private/definitions/lib/python3/dist-packages/definitions/msg/_v2x_SPAT.py, /home/rosuser/ws/catkin_workspace/devel/lib/python3/dist-packages/definitions/msg/_v2x_SPAT.py)
Linked: (/home/rosuser/ws/catkin_workspace/devel/.private/definitions/lib/python3/dist-packages/definitions/msg/_v2x_MAP.py, /home/rosuser/ws/catkin_workspace/devel/lib/python3/dist-packages/definitions/msg/_v2x_MAP.py)
Linked: (/home/rosuser/ws/catkin_workspace/devel/.private/definitions/lib/python3/dist-packages/definitions/msg/_IkaObject.py, /home/rosuser/ws/catkin_workspace/devel/lib/python3/dist-packages/definitions/msg/_IkaObject.py)
Linked: (/home/rosuser/ws/catkin_workspace/devel/.private/definitions/lib/python3/dist-packages/definitions/msg/_v2x_MAP_Lane.py, /home/rosuser/ws/catkin_workspace/devel/lib/python3/dist-packages/definitions/msg/_v2x_MAP_Lane.py)
Linked: (/home/rosuser/ws/catkin_workspace/devel/.private/definitions/lib/python3/dist-packages/definitions/msg/_v2x_SPAT_IntersectionState.py, /home/rosuser/ws/catkin_workspace/devel/lib/python3/dist-packages/definitions/msg/_v2x_SPAT_IntersectionState.py)
Linked: (/home/rosuser/ws/catkin_workspace/devel/.private/definitions/lib/python3/dist-packages/definitions/msg/_v2x_CAM_high_freq_container.py, /home/rosuser/ws/catkin_workspace/devel/lib/python3/dist-packages/definitions/msg/_v2x_CAM_high_freq_container.py)
Linked: (/home/rosuser/ws/catkin_workspace/devel/.private/definitions/lib/python3/dist-packages/definitions/msg/_v2x_SPAT_MovementEvent.py, /home/rosuser/ws/catkin_workspace/devel/lib/python3/dist-packages/definitions/msg/_v2x_SPAT_MovementEvent.py)
Linked: (/home/rosuser/ws/catkin_workspace/devel/.private/definitions/lib/python3/dist-packages/definitions/msg/_v2x_MAP_Intersection.py, /home/rosuser/ws/catkin_workspace/devel/lib/python3/dist-packages/definitions/msg/_v2x_MAP_Intersection.py)
Linked: (/home/rosuser/ws/catkin_workspace/devel/.private/definitions/lib/python3/dist-packages/definitions/msg/_v2x_SPAT_VehicleToLanePosition.py, /home/rosuser/ws/catkin_workspace/devel/lib/python3/dist-packages/definitions/msg/_v2x_SPAT_VehicleToLanePosition.py)
Linked: (/home/rosuser/ws/catkin_workspace/devel/.private/definitions/lib/python3/dist-packages/definitions/msg/_v2x_MAP_Connection.py, /home/rosuser/ws/catkin_workspace/devel/lib/python3/dist-packages/definitions/msg/_v2x_MAP_Connection.py)
Linked: (/home/rosuser/ws/catkin_workspace/devel/.private/definitions/lib/python3/dist-packages/definitions/msg/__init__.py, /home/rosuser/ws/catkin_workspace/devel/lib/python3/dist-packages/definitions/msg/__init__.py)
Linked: (/home/rosuser/ws/catkin_workspace/devel/.private/definitions/lib/python3/dist-packages/definitions/msg/_v2x_SPAT_MovementState.py, /home/rosuser/ws/catkin_workspace/devel/lib/python3/dist-packages/definitions/msg/_v2x_SPAT_MovementState.py)
Linked: (/home/rosuser/ws/catkin_workspace/devel/.private/definitions/lib/python3/dist-packages/definitions/msg/_IkaDetection.py, /home/rosuser/ws/catkin_workspace/devel/lib/python3/dist-packages/definitions/msg/_IkaDetection.py)
Linked: (/home/rosuser/ws/catkin_workspace/devel/.private/definitions/lib/python3/dist-packages/definitions/msg/_FlatlandVehicleState.py, /home/rosuser/ws/catkin_workspace/devel/lib/python3/dist-packages/definitions/msg/_FlatlandVehicleState.py)
Linked: (/home/rosuser/ws/catkin_workspace/devel/.private/definitions/lib/python3/dist-packages/definitions/msg/_v2x_SPAT_PrioritizationResponse.py, /home/rosuser/ws/catkin_workspace/devel/lib/python3/dist-packages/definitions/msg/_v2x_SPAT_PrioritizationResponse.py)
Linked: (/home/rosuser/ws/catkin_workspace/devel/.private/definitions/lib/python3/dist-packages/definitions/msg/_v2x_CAM_pathPoint.py, /home/rosuser/ws/catkin_workspace/devel/lib/python3/dist-packages/definitions/msg/_v2x_CAM_pathPoint.py)
Linked: (/home/rosuser/ws/catkin_workspace/devel/.private/definitions/lib/python3/dist-packages/definitions/msg/_IkaGPS.py, /home/rosuser/ws/catkin_workspace/devel/lib/python3/dist-packages/definitions/msg/_IkaGPS.py)
Linked: (/home/rosuser/ws/catkin_workspace/devel/.private/definitions/lib/python3/dist-packages/definitions/msg/_v2x_CAM_basic_container.py, /home/rosuser/ws/catkin_workspace/devel/lib/python3/dist-packages/definitions/msg/_v2x_CAM_basic_container.py)
Linked: (/home/rosuser/ws/catkin_workspace/devel/.private/definitions/lib/python3/dist-packages/definitions/msg/_v2x_CAM_low_freq_container.py, /home/rosuser/ws/catkin_workspace/devel/lib/python3/dist-packages/definitions/msg/_v2x_CAM_low_freq_container.py)
Linked: (/home/rosuser/ws/catkin_workspace/devel/.private/definitions/lib/pkgconfig/definitions.pc, /home/rosuser/ws/catkin_workspace/devel/lib/pkgconfig/definitions.pc)
