[35m[1mScanning dependencies of target rviz_plugins_detection_list_autogen[0m
[  6%] [34m[1mAutomatic MOC for target rviz_plugins_detection_list[0m
[  6%] Built target rviz_plugins_detection_list_autogen
[35m[1mScanning dependencies of target rviz_plugins_object_list_autogen[0m
[ 13%] [34m[1mAutomatic MOC for target rviz_plugins_object_list[0m
[ 13%] Built target rviz_plugins_object_list_autogen
[35m[1mScanning dependencies of target rviz_plugins_detection_list[0m
[ 20%] [32mBuilding CXX object CMakeFiles/rviz_plugins_detection_list.dir/rviz_plugins_detection_list_autogen/mocs_compilation.cpp.o[0m
[ 26%] [32mBuilding CXX object CMakeFiles/rviz_plugins_detection_list.dir/src/visualisation/IkaDetectionList/IkaDetectionListDisplay.cpp.o[0m
[ 33%] [32mBuilding CXX object CMakeFiles/rviz_plugins_detection_list.dir/src/visualisation/IkaDetectionList/IkaDetectionVisual.cpp.o[0m
[ 40%] [32mBuilding CXX object CMakeFiles/rviz_plugins_detection_list.dir/src/visualisation/IkaDetectionList/IkaDetectionVisualSelectionHandler.cpp.o[0m
[ 46%] [32m[1mLinking CXX shared library /home/rosuser/ws/catkin_workspace/devel/.private/rviz_plugins/lib/librviz_plugins_detection_list.so[0m
[ 46%] Built target rviz_plugins_detection_list
[35m[1mScanning dependencies of target rviz_plugins_object_list[0m
[ 53%] [32mBuilding CXX object CMakeFiles/rviz_plugins_object_list.dir/rviz_plugins_object_list_autogen/mocs_compilation.cpp.o[0m
[ 60%] [32mBuilding CXX object CMakeFiles/rviz_plugins_object_list.dir/src/visualisation/IkaObjectList/IkaObjectListDisplay.cpp.o[0m
[ 66%] [32mBuilding CXX object CMakeFiles/rviz_plugins_object_list.dir/src/visualisation/IkaObjectList/IkaObjectVisual.cpp.o[0m
[ 73%] [32mBuilding CXX object CMakeFiles/rviz_plugins_object_list.dir/src/visualisation/IkaObjectList/IkaObjectVisualSelectionHandler.cpp.o[0m
[ 80%] [32mBuilding CXX object CMakeFiles/rviz_plugins_object_list.dir/src/visualisation/IkaObjectList/AngleProperty.cpp.o[0m
[ 86%] [32mBuilding CXX object CMakeFiles/rviz_plugins_object_list.dir/src/overlay/IkaObjectListOverlay.cpp.o[0m
[ 93%] [32mBuilding CXX object CMakeFiles/rviz_plugins_object_list.dir/src/overlay/IkaOverlayUtils.cpp.o[0m
[100%] [32m[1mLinking CXX shared library /home/rosuser/ws/catkin_workspace/devel/.private/rviz_plugins/lib/librviz_plugins_object_list.so[0m
[100%] Built target rviz_plugins_object_list
