[35m[1mScanning dependencies of target _flatland_msgs_generate_messages_check_deps_SpawnModel[0m
[35m[1mScanning dependencies of target _flatland_msgs_generate_messages_check_deps_DeleteModel[0m
[35m[1mScanning dependencies of target _flatland_msgs_generate_messages_check_deps_MoveModel[0m
[35m[1mScanning dependencies of target geometry_msgs_generate_messages_eus[0m
[35m[1mScanning dependencies of target _flatland_msgs_generate_messages_check_deps_Collision[0m
[35m[1mScanning dependencies of target _flatland_msgs_generate_messages_check_deps_Collisions[0m
[35m[1mScanning dependencies of target _flatland_msgs_generate_messages_check_deps_Vector2[0m
[35m[1mScanning dependencies of target _flatland_msgs_generate_messages_check_deps_DebugTopicList[0m
[35m[1mScanning dependencies of target std_msgs_generate_messages_eus[0m
[35m[1mScanning dependencies of target std_msgs_generate_messages_py[0m
[  0%] Built target geometry_msgs_generate_messages_eus
[  0%] Built target std_msgs_generate_messages_py
[  0%] Built target std_msgs_generate_messages_eus
[35m[1mScanning dependencies of target std_msgs_generate_messages_nodejs[0m
[35m[1mScanning dependencies of target geometry_msgs_generate_messages_nodejs[0m
[35m[1mScanning dependencies of target geometry_msgs_generate_messages_py[0m
[  0%] Built target std_msgs_generate_messages_nodejs
[  0%] Built target geometry_msgs_generate_messages_nodejs
[  0%] Built target geometry_msgs_generate_messages_py
[35m[1mScanning dependencies of target geometry_msgs_generate_messages_lisp[0m
[35m[1mScanning dependencies of target geometry_msgs_generate_messages_cpp[0m
[35m[1mScanning dependencies of target std_msgs_generate_messages_lisp[0m
[  0%] Built target _flatland_msgs_generate_messages_check_deps_Collision
[  0%] Built target _flatland_msgs_generate_messages_check_deps_SpawnModel
[  0%] Built target _flatland_msgs_generate_messages_check_deps_DeleteModel
[  0%] Built target _flatland_msgs_generate_messages_check_deps_Vector2
[  0%] Built target _flatland_msgs_generate_messages_check_deps_DebugTopicList
[  0%] Built target _flatland_msgs_generate_messages_check_deps_MoveModel
[  0%] Built target std_msgs_generate_messages_lisp
[  0%] Built target _flatland_msgs_generate_messages_check_deps_Collisions
[  0%] Built target geometry_msgs_generate_messages_lisp
[35m[1mScanning dependencies of target std_msgs_generate_messages_cpp[0m
[  0%] Built target geometry_msgs_generate_messages_cpp
[35m[1mScanning dependencies of target flatland_msgs_generate_messages_nodejs[0m
[35m[1mScanning dependencies of target flatland_msgs_generate_messages_eus[0m
[35m[1mScanning dependencies of target flatland_msgs_generate_messages_lisp[0m
[35m[1mScanning dependencies of target flatland_msgs_generate_messages_py[0m
[  0%] Built target std_msgs_generate_messages_cpp
[ 13%] [34m[1mGenerating EusLisp code from flatland_msgs/Collision.msg[0m
[ 13%] [34m[1mGenerating Javascript code from flatland_msgs/Collision.msg[0m
[ 13%] [34m[1mGenerating Javascript code from flatland_msgs/DebugTopicList.msg[0m
[ 15%] [34m[1mGenerating EusLisp code from flatland_msgs/Vector2.msg[0m
[ 18%] [34m[1mGenerating Javascript code from flatland_msgs/Vector2.msg[0m
[ 21%] [34m[1mGenerating Javascript code from flatland_msgs/Collisions.msg[0m
[ 13%] [34m[1mGenerating EusLisp code from flatland_msgs/Collisions.msg[0m
[ 13%] [34m[1mGenerating EusLisp code from flatland_msgs/DebugTopicList.msg[0m
[ 23%] [34m[1mGenerating Lisp code from flatland_msgs/DebugTopicList.msg[0m
[ 26%] [34m[1mGenerating Python from MSG flatland_msgs/DebugTopicList[0m
[ 28%] [34m[1mGenerating Lisp code from flatland_msgs/Collision.msg[0m
[ 31%] [34m[1mGenerating Lisp code from flatland_msgs/Collisions.msg[0m
[ 34%] [34m[1mGenerating Python from MSG flatland_msgs/Collision[0m
[ 36%] [34m[1mGenerating Python from MSG flatland_msgs/Collisions[0m
[ 39%] [34m[1mGenerating Javascript code from flatland_msgs/SpawnModel.srv[0m
[ 42%] [34m[1mGenerating Javascript code from flatland_msgs/DeleteModel.srv[0m
[ 47%] [34m[1mGenerating Javascript code from flatland_msgs/MoveModel.srv[0m
[ 47%] [34m[1mGenerating EusLisp code from flatland_msgs/SpawnModel.srv[0m
[ 50%] [34m[1mGenerating EusLisp code from flatland_msgs/DeleteModel.srv[0m
[ 52%] [34m[1mGenerating Lisp code from flatland_msgs/Vector2.msg[0m
[ 55%] [34m[1mGenerating Lisp code from flatland_msgs/SpawnModel.srv[0m
[ 57%] [34m[1mGenerating Lisp code from flatland_msgs/DeleteModel.srv[0m
[ 60%] [34m[1mGenerating Python from MSG flatland_msgs/Vector2[0m
[ 65%] [34m[1mGenerating Python code from SRV flatland_msgs/SpawnModel[0m
[ 65%] [34m[1mGenerating Lisp code from flatland_msgs/MoveModel.srv[0m
[ 65%] Built target flatland_msgs_generate_messages_nodejs
[ 68%] [34m[1mGenerating Python code from SRV flatland_msgs/DeleteModel[0m
[35m[1mScanning dependencies of target flatland_msgs_generate_messages_cpp[0m
[ 71%] [34m[1mGenerating Python code from SRV flatland_msgs/MoveModel[0m
[ 73%] [34m[1mGenerating C++ code from flatland_msgs/DebugTopicList.msg[0m
[ 76%] [34m[1mGenerating EusLisp code from flatland_msgs/MoveModel.srv[0m
[ 78%] [34m[1mGenerating C++ code from flatland_msgs/Collision.msg[0m
[ 78%] Built target flatland_msgs_generate_messages_lisp
[ 81%] [34m[1mGenerating EusLisp manifest code for flatland_msgs[0m
[ 84%] [34m[1mGenerating C++ code from flatland_msgs/Vector2.msg[0m
[ 86%] [34m[1mGenerating C++ code from flatland_msgs/Collisions.msg[0m
[ 89%] [34m[1mGenerating C++ code from flatland_msgs/SpawnModel.srv[0m
[ 92%] [34m[1mGenerating C++ code from flatland_msgs/DeleteModel.srv[0m
[ 94%] [34m[1mGenerating C++ code from flatland_msgs/MoveModel.srv[0m
[ 97%] [34m[1mGenerating Python msg __init__.py for flatland_msgs[0m
[100%] [34m[1mGenerating Python srv __init__.py for flatland_msgs[0m
[100%] Built target flatland_msgs_generate_messages_cpp
[100%] Built target flatland_msgs_generate_messages_py
[100%] Built target flatland_msgs_generate_messages_eus
[35m[1mScanning dependencies of target flatland_msgs_generate_messages[0m
[100%] Built target flatland_msgs_generate_messages
