Linked: (/home/rosuser/ws/catkin_workspace/devel/.private/flatland_msgs/include/flatland_msgs/MoveModelResponse.h, /home/rosuser/ws/catkin_workspace/devel/include/flatland_msgs/MoveModelResponse.h)
Linked: (/home/rosuser/ws/catkin_workspace/devel/.private/flatland_msgs/include/flatland_msgs/Vector2.h, /home/rosuser/ws/catkin_workspace/devel/include/flatland_msgs/Vector2.h)
Linked: (/home/rosuser/ws/catkin_workspace/devel/.private/flatland_msgs/include/flatland_msgs/SpawnModel.h, /home/rosuser/ws/catkin_workspace/devel/include/flatland_msgs/SpawnModel.h)
Linked: (/home/rosuser/ws/catkin_workspace/devel/.private/flatland_msgs/include/flatland_msgs/MoveModelRequest.h, /home/rosuser/ws/catkin_workspace/devel/include/flatland_msgs/MoveModelRequest.h)
Linked: (/home/rosuser/ws/catkin_workspace/devel/.private/flatland_msgs/include/flatland_msgs/DeleteModelRequest.h, /home/rosuser/ws/catkin_workspace/devel/include/flatland_msgs/DeleteModelRequest.h)
Linked: (/home/rosuser/ws/catkin_workspace/devel/.private/flatland_msgs/include/flatland_msgs/DeleteModelResponse.h, /home/rosuser/ws/catkin_workspace/devel/include/flatland_msgs/DeleteModelResponse.h)
Linked: (/home/rosuser/ws/catkin_workspace/devel/.private/flatland_msgs/include/flatland_msgs/DebugTopicList.h, /home/rosuser/ws/catkin_workspace/devel/include/flatland_msgs/DebugTopicList.h)
Linked: (/home/rosuser/ws/catkin_workspace/devel/.private/flatland_msgs/include/flatland_msgs/Collisions.h, /home/rosuser/ws/catkin_workspace/devel/include/flatland_msgs/Collisions.h)
Linked: (/home/rosuser/ws/catkin_workspace/devel/.private/flatland_msgs/include/flatland_msgs/SpawnModelResponse.h, /home/rosuser/ws/catkin_workspace/devel/include/flatland_msgs/SpawnModelResponse.h)
Linked: (/home/rosuser/ws/catkin_workspace/devel/.private/flatland_msgs/include/flatland_msgs/Collision.h, /home/rosuser/ws/catkin_workspace/devel/include/flatland_msgs/Collision.h)
Linked: (/home/rosuser/ws/catkin_workspace/devel/.private/flatland_msgs/include/flatland_msgs/DeleteModel.h, /home/rosuser/ws/catkin_workspace/devel/include/flatland_msgs/DeleteModel.h)
Linked: (/home/rosuser/ws/catkin_workspace/devel/.private/flatland_msgs/include/flatland_msgs/MoveModel.h, /home/rosuser/ws/catkin_workspace/devel/include/flatland_msgs/MoveModel.h)
Linked: (/home/rosuser/ws/catkin_workspace/devel/.private/flatland_msgs/include/flatland_msgs/SpawnModelRequest.h, /home/rosuser/ws/catkin_workspace/devel/include/flatland_msgs/SpawnModelRequest.h)
Linked: (/home/rosuser/ws/catkin_workspace/devel/.private/flatland_msgs/share/common-lisp/ros/flatland_msgs/msg/_package.lisp, /home/rosuser/ws/catkin_workspace/devel/share/common-lisp/ros/flatland_msgs/msg/_package.lisp)
Linked: (/home/rosuser/ws/catkin_workspace/devel/.private/flatland_msgs/share/common-lisp/ros/flatland_msgs/msg/DebugTopicList.lisp, /home/rosuser/ws/catkin_workspace/devel/share/common-lisp/ros/flatland_msgs/msg/DebugTopicList.lisp)
Linked: (/home/rosuser/ws/catkin_workspace/devel/.private/flatland_msgs/share/common-lisp/ros/flatland_msgs/msg/Collision.lisp, /home/rosuser/ws/catkin_workspace/devel/share/common-lisp/ros/flatland_msgs/msg/Collision.lisp)
Linked: (/home/rosuser/ws/catkin_workspace/devel/.private/flatland_msgs/share/common-lisp/ros/flatland_msgs/msg/_package_DebugTopicList.lisp, /home/rosuser/ws/catkin_workspace/devel/share/common-lisp/ros/flatland_msgs/msg/_package_DebugTopicList.lisp)
Linked: (/home/rosuser/ws/catkin_workspace/devel/.private/flatland_msgs/share/common-lisp/ros/flatland_msgs/msg/_package_Vector2.lisp, /home/rosuser/ws/catkin_workspace/devel/share/common-lisp/ros/flatland_msgs/msg/_package_Vector2.lisp)
Linked: (/home/rosuser/ws/catkin_workspace/devel/.private/flatland_msgs/share/common-lisp/ros/flatland_msgs/msg/Vector2.lisp, /home/rosuser/ws/catkin_workspace/devel/share/common-lisp/ros/flatland_msgs/msg/Vector2.lisp)
Linked: (/home/rosuser/ws/catkin_workspace/devel/.private/flatland_msgs/share/common-lisp/ros/flatland_msgs/msg/flatland_msgs-msg.asd, /home/rosuser/ws/catkin_workspace/devel/share/common-lisp/ros/flatland_msgs/msg/flatland_msgs-msg.asd)
Linked: (/home/rosuser/ws/catkin_workspace/devel/.private/flatland_msgs/share/common-lisp/ros/flatland_msgs/msg/Collisions.lisp, /home/rosuser/ws/catkin_workspace/devel/share/common-lisp/ros/flatland_msgs/msg/Collisions.lisp)
Linked: (/home/rosuser/ws/catkin_workspace/devel/.private/flatland_msgs/share/common-lisp/ros/flatland_msgs/msg/_package_Collision.lisp, /home/rosuser/ws/catkin_workspace/devel/share/common-lisp/ros/flatland_msgs/msg/_package_Collision.lisp)
Linked: (/home/rosuser/ws/catkin_workspace/devel/.private/flatland_msgs/share/common-lisp/ros/flatland_msgs/msg/_package_Collisions.lisp, /home/rosuser/ws/catkin_workspace/devel/share/common-lisp/ros/flatland_msgs/msg/_package_Collisions.lisp)
Linked: (/home/rosuser/ws/catkin_workspace/devel/.private/flatland_msgs/share/common-lisp/ros/flatland_msgs/srv/flatland_msgs-srv.asd, /home/rosuser/ws/catkin_workspace/devel/share/common-lisp/ros/flatland_msgs/srv/flatland_msgs-srv.asd)
Linked: (/home/rosuser/ws/catkin_workspace/devel/.private/flatland_msgs/share/common-lisp/ros/flatland_msgs/srv/_package.lisp, /home/rosuser/ws/catkin_workspace/devel/share/common-lisp/ros/flatland_msgs/srv/_package.lisp)
Linked: (/home/rosuser/ws/catkin_workspace/devel/.private/flatland_msgs/share/common-lisp/ros/flatland_msgs/srv/_package_SpawnModel.lisp, /home/rosuser/ws/catkin_workspace/devel/share/common-lisp/ros/flatland_msgs/srv/_package_SpawnModel.lisp)
Linked: (/home/rosuser/ws/catkin_workspace/devel/.private/flatland_msgs/share/common-lisp/ros/flatland_msgs/srv/_package_DeleteModel.lisp, /home/rosuser/ws/catkin_workspace/devel/share/common-lisp/ros/flatland_msgs/srv/_package_DeleteModel.lisp)
Linked: (/home/rosuser/ws/catkin_workspace/devel/.private/flatland_msgs/share/common-lisp/ros/flatland_msgs/srv/MoveModel.lisp, /home/rosuser/ws/catkin_workspace/devel/share/common-lisp/ros/flatland_msgs/srv/MoveModel.lisp)
Linked: (/home/rosuser/ws/catkin_workspace/devel/.private/flatland_msgs/share/common-lisp/ros/flatland_msgs/srv/SpawnModel.lisp, /home/rosuser/ws/catkin_workspace/devel/share/common-lisp/ros/flatland_msgs/srv/SpawnModel.lisp)
Linked: (/home/rosuser/ws/catkin_workspace/devel/.private/flatland_msgs/share/common-lisp/ros/flatland_msgs/srv/_package_MoveModel.lisp, /home/rosuser/ws/catkin_workspace/devel/share/common-lisp/ros/flatland_msgs/srv/_package_MoveModel.lisp)
Linked: (/home/rosuser/ws/catkin_workspace/devel/.private/flatland_msgs/share/common-lisp/ros/flatland_msgs/srv/DeleteModel.lisp, /home/rosuser/ws/catkin_workspace/devel/share/common-lisp/ros/flatland_msgs/srv/DeleteModel.lisp)
Linked: (/home/rosuser/ws/catkin_workspace/devel/.private/flatland_msgs/share/gennodejs/ros/flatland_msgs/_index.js, /home/rosuser/ws/catkin_workspace/devel/share/gennodejs/ros/flatland_msgs/_index.js)
Linked: (/home/rosuser/ws/catkin_workspace/devel/.private/flatland_msgs/share/gennodejs/ros/flatland_msgs/msg/Collisions.js, /home/rosuser/ws/catkin_workspace/devel/share/gennodejs/ros/flatland_msgs/msg/Collisions.js)
Linked: (/home/rosuser/ws/catkin_workspace/devel/.private/flatland_msgs/share/gennodejs/ros/flatland_msgs/msg/DebugTopicList.js, /home/rosuser/ws/catkin_workspace/devel/share/gennodejs/ros/flatland_msgs/msg/DebugTopicList.js)
Linked: (/home/rosuser/ws/catkin_workspace/devel/.private/flatland_msgs/share/gennodejs/ros/flatland_msgs/msg/Vector2.js, /home/rosuser/ws/catkin_workspace/devel/share/gennodejs/ros/flatland_msgs/msg/Vector2.js)
Linked: (/home/rosuser/ws/catkin_workspace/devel/.private/flatland_msgs/share/gennodejs/ros/flatland_msgs/msg/_index.js, /home/rosuser/ws/catkin_workspace/devel/share/gennodejs/ros/flatland_msgs/msg/_index.js)
Linked: (/home/rosuser/ws/catkin_workspace/devel/.private/flatland_msgs/share/gennodejs/ros/flatland_msgs/msg/Collision.js, /home/rosuser/ws/catkin_workspace/devel/share/gennodejs/ros/flatland_msgs/msg/Collision.js)
Linked: (/home/rosuser/ws/catkin_workspace/devel/.private/flatland_msgs/share/gennodejs/ros/flatland_msgs/srv/DeleteModel.js, /home/rosuser/ws/catkin_workspace/devel/share/gennodejs/ros/flatland_msgs/srv/DeleteModel.js)
Linked: (/home/rosuser/ws/catkin_workspace/devel/.private/flatland_msgs/share/gennodejs/ros/flatland_msgs/srv/SpawnModel.js, /home/rosuser/ws/catkin_workspace/devel/share/gennodejs/ros/flatland_msgs/srv/SpawnModel.js)
Linked: (/home/rosuser/ws/catkin_workspace/devel/.private/flatland_msgs/share/gennodejs/ros/flatland_msgs/srv/MoveModel.js, /home/rosuser/ws/catkin_workspace/devel/share/gennodejs/ros/flatland_msgs/srv/MoveModel.js)
Linked: (/home/rosuser/ws/catkin_workspace/devel/.private/flatland_msgs/share/gennodejs/ros/flatland_msgs/srv/_index.js, /home/rosuser/ws/catkin_workspace/devel/share/gennodejs/ros/flatland_msgs/srv/_index.js)
Linked: (/home/rosuser/ws/catkin_workspace/devel/.private/flatland_msgs/share/flatland_msgs/cmake/flatland_msgsConfig-version.cmake, /home/rosuser/ws/catkin_workspace/devel/share/flatland_msgs/cmake/flatland_msgsConfig-version.cmake)
Linked: (/home/rosuser/ws/catkin_workspace/devel/.private/flatland_msgs/share/flatland_msgs/cmake/flatland_msgsConfig.cmake, /home/rosuser/ws/catkin_workspace/devel/share/flatland_msgs/cmake/flatland_msgsConfig.cmake)
Linked: (/home/rosuser/ws/catkin_workspace/devel/.private/flatland_msgs/share/flatland_msgs/cmake/flatland_msgs-msg-paths.cmake, /home/rosuser/ws/catkin_workspace/devel/share/flatland_msgs/cmake/flatland_msgs-msg-paths.cmake)
Linked: (/home/rosuser/ws/catkin_workspace/devel/.private/flatland_msgs/share/flatland_msgs/cmake/flatland_msgs-msg-extras.cmake, /home/rosuser/ws/catkin_workspace/devel/share/flatland_msgs/cmake/flatland_msgs-msg-extras.cmake)
Linked: (/home/rosuser/ws/catkin_workspace/devel/.private/flatland_msgs/share/roseus/ros/flatland_msgs/manifest.l, /home/rosuser/ws/catkin_workspace/devel/share/roseus/ros/flatland_msgs/manifest.l)
Linked: (/home/rosuser/ws/catkin_workspace/devel/.private/flatland_msgs/share/roseus/ros/flatland_msgs/msg/Vector2.l, /home/rosuser/ws/catkin_workspace/devel/share/roseus/ros/flatland_msgs/msg/Vector2.l)
Linked: (/home/rosuser/ws/catkin_workspace/devel/.private/flatland_msgs/share/roseus/ros/flatland_msgs/msg/Collisions.l, /home/rosuser/ws/catkin_workspace/devel/share/roseus/ros/flatland_msgs/msg/Collisions.l)
Linked: (/home/rosuser/ws/catkin_workspace/devel/.private/flatland_msgs/share/roseus/ros/flatland_msgs/msg/Collision.l, /home/rosuser/ws/catkin_workspace/devel/share/roseus/ros/flatland_msgs/msg/Collision.l)
Linked: (/home/rosuser/ws/catkin_workspace/devel/.private/flatland_msgs/share/roseus/ros/flatland_msgs/msg/DebugTopicList.l, /home/rosuser/ws/catkin_workspace/devel/share/roseus/ros/flatland_msgs/msg/DebugTopicList.l)
Linked: (/home/rosuser/ws/catkin_workspace/devel/.private/flatland_msgs/share/roseus/ros/flatland_msgs/srv/DeleteModel.l, /home/rosuser/ws/catkin_workspace/devel/share/roseus/ros/flatland_msgs/srv/DeleteModel.l)
Linked: (/home/rosuser/ws/catkin_workspace/devel/.private/flatland_msgs/share/roseus/ros/flatland_msgs/srv/SpawnModel.l, /home/rosuser/ws/catkin_workspace/devel/share/roseus/ros/flatland_msgs/srv/SpawnModel.l)
Linked: (/home/rosuser/ws/catkin_workspace/devel/.private/flatland_msgs/share/roseus/ros/flatland_msgs/srv/MoveModel.l, /home/rosuser/ws/catkin_workspace/devel/share/roseus/ros/flatland_msgs/srv/MoveModel.l)
Linked: (/home/rosuser/ws/catkin_workspace/devel/.private/flatland_msgs/lib/python3/dist-packages/flatland_msgs/__init__.py, /home/rosuser/ws/catkin_workspace/devel/lib/python3/dist-packages/flatland_msgs/__init__.py)
Linked: (/home/rosuser/ws/catkin_workspace/devel/.private/flatland_msgs/lib/python3/dist-packages/flatland_msgs/msg/_DebugTopicList.py, /home/rosuser/ws/catkin_workspace/devel/lib/python3/dist-packages/flatland_msgs/msg/_DebugTopicList.py)
Linked: (/home/rosuser/ws/catkin_workspace/devel/.private/flatland_msgs/lib/python3/dist-packages/flatland_msgs/msg/_Collisions.py, /home/rosuser/ws/catkin_workspace/devel/lib/python3/dist-packages/flatland_msgs/msg/_Collisions.py)
Linked: (/home/rosuser/ws/catkin_workspace/devel/.private/flatland_msgs/lib/python3/dist-packages/flatland_msgs/msg/__init__.py, /home/rosuser/ws/catkin_workspace/devel/lib/python3/dist-packages/flatland_msgs/msg/__init__.py)
Linked: (/home/rosuser/ws/catkin_workspace/devel/.private/flatland_msgs/lib/python3/dist-packages/flatland_msgs/msg/_Vector2.py, /home/rosuser/ws/catkin_workspace/devel/lib/python3/dist-packages/flatland_msgs/msg/_Vector2.py)
Linked: (/home/rosuser/ws/catkin_workspace/devel/.private/flatland_msgs/lib/python3/dist-packages/flatland_msgs/msg/_Collision.py, /home/rosuser/ws/catkin_workspace/devel/lib/python3/dist-packages/flatland_msgs/msg/_Collision.py)
Linked: (/home/rosuser/ws/catkin_workspace/devel/.private/flatland_msgs/lib/python3/dist-packages/flatland_msgs/srv/_SpawnModel.py, /home/rosuser/ws/catkin_workspace/devel/lib/python3/dist-packages/flatland_msgs/srv/_SpawnModel.py)
Linked: (/home/rosuser/ws/catkin_workspace/devel/.private/flatland_msgs/lib/python3/dist-packages/flatland_msgs/srv/__init__.py, /home/rosuser/ws/catkin_workspace/devel/lib/python3/dist-packages/flatland_msgs/srv/__init__.py)
Linked: (/home/rosuser/ws/catkin_workspace/devel/.private/flatland_msgs/lib/python3/dist-packages/flatland_msgs/srv/_DeleteModel.py, /home/rosuser/ws/catkin_workspace/devel/lib/python3/dist-packages/flatland_msgs/srv/_DeleteModel.py)
Linked: (/home/rosuser/ws/catkin_workspace/devel/.private/flatland_msgs/lib/python3/dist-packages/flatland_msgs/srv/_MoveModel.py, /home/rosuser/ws/catkin_workspace/devel/lib/python3/dist-packages/flatland_msgs/srv/_MoveModel.py)
Linked: (/home/rosuser/ws/catkin_workspace/devel/.private/flatland_msgs/lib/pkgconfig/flatland_msgs.pc, /home/rosuser/ws/catkin_workspace/devel/lib/pkgconfig/flatland_msgs.pc)
