[35m[1mScanning dependencies of target flatland_msgs_generate_messages_eus[0m
[35m[1mScanning dependencies of target definitions_generate_messages_cpp[0m
[35m[1mScanning dependencies of target definitions_generate_messages_nodejs[0m
[  0%] Built target definitions_generate_messages_nodejs
[  0%] Built target flatland_msgs_generate_messages_eus
[  0%] Built target definitions_generate_messages_cpp
[35m[1mScanning dependencies of target tf2_msgs_generate_messages_cpp[0m
[35m[1mScanning dependencies of target flatland_msgs_generate_messages_nodejs[0m
[35m[1mScanning dependencies of target std_msgs_generate_messages_cpp[0m
[  0%] Built target flatland_msgs_generate_messages_nodejs
[  0%] Built target tf2_msgs_generate_messages_cpp
[  0%] Built target std_msgs_generate_messages_cpp
[35m[1mScanning dependencies of target geometry_msgs_generate_messages_eus[0m
[35m[1mScanning dependencies of target std_msgs_generate_messages_nodejs[0m
[35m[1mScanning dependencies of target std_msgs_generate_messages_py[0m
[  0%] Built target geometry_msgs_generate_messages_eus
[  0%] Built target std_msgs_generate_messages_nodejs
[  0%] Built target std_msgs_generate_messages_py
[35m[1mScanning dependencies of target rosgraph_msgs_generate_messages_nodejs[0m
[35m[1mScanning dependencies of target definitions_generate_messages_lisp[0m
[35m[1mScanning dependencies of target actionlib_msgs_generate_messages_py[0m
[  0%] Built target rosgraph_msgs_generate_messages_nodejs
[  0%] Built target definitions_generate_messages_lisp
[  0%] Built target actionlib_msgs_generate_messages_py
[35m[1mScanning dependencies of target rosgraph_msgs_generate_messages_lisp[0m
[35m[1mScanning dependencies of target tf_generate_messages_eus[0m
[35m[1mScanning dependencies of target actionlib_generate_messages_cpp[0m
[  0%] Built target rosgraph_msgs_generate_messages_lisp
[  0%] Built target tf_generate_messages_eus
[  0%] Built target actionlib_generate_messages_cpp
[35m[1mScanning dependencies of target actionlib_msgs_generate_messages_eus[0m
[35m[1mScanning dependencies of target roscpp_generate_messages_eus[0m
[35m[1mScanning dependencies of target flatland_msgs_generate_messages_lisp[0m
[  0%] Built target actionlib_msgs_generate_messages_eus
[  0%] Built target roscpp_generate_messages_eus
[  0%] Built target flatland_msgs_generate_messages_lisp
[35m[1mScanning dependencies of target roscpp_generate_messages_lisp[0m
[35m[1mScanning dependencies of target actionlib_generate_messages_lisp[0m
[35m[1mScanning dependencies of target _catkin_empty_exported_target[0m
[  0%] Built target roscpp_generate_messages_lisp
[  0%] Built target _catkin_empty_exported_target
[  0%] Built target actionlib_generate_messages_lisp
[35m[1mScanning dependencies of target std_msgs_generate_messages_lisp[0m
[35m[1mScanning dependencies of target rosgraph_msgs_generate_messages_py[0m
[35m[1mScanning dependencies of target roscpp_generate_messages_py[0m
[  0%] Built target std_msgs_generate_messages_lisp
[  0%] Built target rosgraph_msgs_generate_messages_py
[  0%] Built target roscpp_generate_messages_py
[35m[1mScanning dependencies of target sensor_msgs_generate_messages_py[0m
[35m[1mScanning dependencies of target geometry_msgs_generate_messages_py[0m
[  0%] Built target sensor_msgs_generate_messages_py
[  0%] Built target geometry_msgs_generate_messages_py
[35m[1mScanning dependencies of target tf2_msgs_generate_messages_eus[0m
[35m[1mScanning dependencies of target tf2_msgs_generate_messages_lisp[0m
[  0%] Built target tf2_msgs_generate_messages_eus
[35m[1mScanning dependencies of target roscpp_generate_messages_cpp[0m
[  0%] Built target tf2_msgs_generate_messages_lisp
[35m[1mScanning dependencies of target geometry_msgs_generate_messages_nodejs[0m
[  0%] Built target roscpp_generate_messages_cpp
[35m[1mScanning dependencies of target flatland_msgs_generate_messages_py[0m
[  0%] Built target geometry_msgs_generate_messages_nodejs
[35m[1mScanning dependencies of target visualization_msgs_generate_messages_lisp[0m
[  0%] Built target flatland_msgs_generate_messages_py
[35m[1mScanning dependencies of target geometry_msgs_generate_messages_cpp[0m
[  0%] Built target visualization_msgs_generate_messages_lisp
[35m[1mScanning dependencies of target tf2_msgs_generate_messages_py[0m
[  0%] Built target geometry_msgs_generate_messages_cpp
[  0%] Built target tf2_msgs_generate_messages_py
[35m[1mScanning dependencies of target visualization_msgs_generate_messages_eus[0m
[35m[1mScanning dependencies of target geometry_msgs_generate_messages_lisp[0m
[35m[1mScanning dependencies of target tf_generate_messages_cpp[0m
[  0%] Built target visualization_msgs_generate_messages_eus
[  0%] Built target geometry_msgs_generate_messages_lisp
[  0%] Built target tf_generate_messages_cpp
[35m[1mScanning dependencies of target definitions_generate_messages_py[0m
[35m[1mScanning dependencies of target roscpp_generate_messages_nodejs[0m
[  0%] Built target definitions_generate_messages_py
[  0%] Built target roscpp_generate_messages_nodejs
[35m[1mScanning dependencies of target rosgraph_msgs_generate_messages_eus[0m
[35m[1mScanning dependencies of target tf2_msgs_generate_messages_nodejs[0m
[35m[1mScanning dependencies of target definitions_generate_messages_eus[0m
[  0%] Built target rosgraph_msgs_generate_messages_eus
[35m[1mScanning dependencies of target actionlib_msgs_generate_messages_cpp[0m
[  0%] Built target tf2_msgs_generate_messages_nodejs
[  0%] Built target definitions_generate_messages_eus
[35m[1mScanning dependencies of target rosgraph_msgs_generate_messages_cpp[0m
[  0%] Built target actionlib_msgs_generate_messages_cpp
[35m[1mScanning dependencies of target tf_generate_messages_py[0m
[35m[1mScanning dependencies of target actionlib_generate_messages_eus[0m
[  0%] Built target rosgraph_msgs_generate_messages_cpp
[35m[1mScanning dependencies of target std_msgs_generate_messages_eus[0m
[  0%] Built target tf_generate_messages_py
[  0%] Built target actionlib_generate_messages_eus
[35m[1mScanning dependencies of target actionlib_msgs_generate_messages_lisp[0m
[  0%] Built target std_msgs_generate_messages_eus
[35m[1mScanning dependencies of target actionlib_generate_messages_py[0m
[35m[1mScanning dependencies of target actionlib_msgs_generate_messages_nodejs[0m
[  0%] Built target actionlib_msgs_generate_messages_lisp
[35m[1mScanning dependencies of target visualization_msgs_generate_messages_nodejs[0m
[  0%] Built target actionlib_msgs_generate_messages_nodejs
[  0%] Built target actionlib_generate_messages_py
[35m[1mScanning dependencies of target visualization_msgs_generate_messages_py[0m
[  0%] Built target visualization_msgs_generate_messages_nodejs
[35m[1mScanning dependencies of target tf_generate_messages_lisp[0m
[35m[1mScanning dependencies of target actionlib_generate_messages_nodejs[0m
[  0%] Built target visualization_msgs_generate_messages_py
[35m[1mScanning dependencies of target tf_generate_messages_nodejs[0m
[  0%] Built target actionlib_generate_messages_nodejs
[  0%] Built target tf_generate_messages_lisp
[35m[1mScanning dependencies of target sensor_msgs_generate_messages_cpp[0m
[  0%] Built target tf_generate_messages_nodejs
[35m[1mScanning dependencies of target sensor_msgs_generate_messages_eus[0m
[35m[1mScanning dependencies of target visualization_msgs_generate_messages_cpp[0m
[  0%] Built target sensor_msgs_generate_messages_cpp
[35m[1mScanning dependencies of target sensor_msgs_generate_messages_lisp[0m
[  0%] Built target sensor_msgs_generate_messages_eus
[  0%] Built target visualization_msgs_generate_messages_cpp
[35m[1mScanning dependencies of target sensor_msgs_generate_messages_nodejs[0m
[  0%] Built target sensor_msgs_generate_messages_lisp
[35m[1mScanning dependencies of target flatland_msgs_generate_messages_cpp[0m
[  0%] Built target sensor_msgs_generate_messages_nodejs
[  0%] Built target flatland_msgs_generate_messages_cpp
[35m[1mScanning dependencies of target flatland_ika_plugins_lib[0m
[ 14%] [32mBuilding CXX object CMakeFiles/flatland_ika_plugins_lib.dir/src/drives/SingleTrackDrive.cpp.o[0m
[ 28%] [32mBuilding CXX object CMakeFiles/flatland_ika_plugins_lib.dir/src/drives/SimulatedTire.cpp.o[0m
[ 42%] [32mBuilding CXX object CMakeFiles/flatland_ika_plugins_lib.dir/src/drives/SimulatedDrive.cpp.o[0m
[ 57%] [32mBuilding CXX object CMakeFiles/flatland_ika_plugins_lib.dir/src/sensors/LaserScanner.cpp.o[0m
[ 71%] [32mBuilding CXX object CMakeFiles/flatland_ika_plugins_lib.dir/src/sensors/LaserCallback.cpp.o[0m
[ 85%] [32mBuilding CXX object CMakeFiles/flatland_ika_plugins_lib.dir/src/drives/TrajectoryDrive.cpp.o[0m
[01m[K/home/rosuser/ws/catkin_workspace/src/dependencies/flatland_plugins_ika/src/drives/SimulatedDrive.cpp:[m[K In member function ‘[01m[Kdouble flatland_ika_plugins::SimulatedDrive::CalculateSteeringAngleFromTargetYawRate()[m[K’:
[01m[K/home/rosuser/ws/catkin_workspace/src/dependencies/flatland_plugins_ika/src/drives/SimulatedDrive.cpp:308:1:[m[K [01;35m[Kwarning: [m[Kno return statement in function returning non-void [[01;35m[K-Wreturn-type[m[K]
  308 | [01;35m[K}[m[K
      | [01;35m[K^[m[K
[100%] [32m[1mLinking CXX shared library /home/rosuser/ws/catkin_workspace/devel/.private/flatland_ika_plugins/lib/libflatland_ika_plugins_lib.so[0m
[100%] Built target flatland_ika_plugins_lib
